2024-03-07 09:27:27,812 [INFO] Sucessfully scraped url 0: https://www.worten.pt/produtos/tv-lg-55ur73006la-led-55-140-cm-4k-ultra-hd-smart-tv-7744837
2024-03-07 09:27:29,036 [INFO] Sucessfully scraped url 1: https://www.worten.pt/produtos/tv-tcl-55c645-qled-4k-ultra-hd-55-140-cm-smart-tv-7763729
2024-03-07 09:27:31,010 [INFO] Sucessfully scraped url 2: https://www.worten.pt/produtos/tv-philips-32phs5527-12-led-32-81-cm-hd-ready-7626076
2024-03-07 09:27:32,226 [INFO] Sucessfully scraped url 3: https://www.worten.pt/produtos/tv-hisense-55a6k-led-55-140-cm-4k-ultra-hd-smart-tv-7749070
2024-03-07 09:27:34,063 [INFO] Sucessfully scraped url 4: https://www.worten.pt/produtos/tv-samsung-ue50au7025kxxc-led-50-127-cm-4k-ultra-hd-smart-tv-7634903
2024-03-07 09:27:35,103 [INFO] Sucessfully scraped url 5: https://www.worten.pt/produtos/tv-blaupunkt-bn32h1372e-led-32-81-cm-hd-7645338
2024-03-07 09:27:36,130 [INFO] Sucessfully scraped url 6: https://www.worten.pt/produtos/tv-philips-43pus8118-led-43-109-cm-4k-ultra-hd-smart-tv-7757452
2024-03-07 09:27:37,363 [INFO] Sucessfully scraped url 7: https://www.worten.pt/produtos/tv-samsung-tq65s92catxxc-oled-65-165-cm-4k-ultra-hd-smart-tv-7733133
2024-03-07 09:27:38,409 [INFO] Sucessfully scraped url 8: https://www.worten.pt/produtos/tv-lg-oled55b36la-oled-55-140-cm-4k-ultra-hd-smart-tv-7745435
2024-03-07 09:27:39,528 [INFO] Sucessfully scraped url 9: https://www.worten.pt/produtos/tv-samsung-tq55s92catxxc-oled-55-140-cm-4k-ultra-hd-smart-tv-7733128
2024-03-07 09:27:40,709 [INFO] Sucessfully scraped url 10: https://www.worten.pt/produtos/tv-lg-65ur73006la-led-65-165-cm-4k-ultra-hd-smart-tv-7744836
2024-03-07 09:27:41,842 [INFO] Sucessfully scraped url 11: https://www.worten.pt/produtos/tv-tcl-50p635-led-50-127-cm-4k-ultra-hd-smart-tv-7651814
2024-03-07 09:27:42,975 [INFO] Sucessfully scraped url 12: https://www.worten.pt/produtos/tv-lg-55ur81006li-led-55-140-cm-4k-ultra-hd-smart-tv-7744849
2024-03-07 09:27:44,392 [INFO] Sucessfully scraped url 13: https://www.worten.pt/produtos/tv-tcl-55c805-qled-mini-led-55-140-cm-4k-ultra-hd-smart-tv-7859228
2024-03-07 09:27:46,328 [INFO] Sucessfully scraped url 14: https://www.worten.pt/produtos/tv-samsung-tq75q60cauxxc-qled-75-189-cm-4k-ultra-hd-smart-tv-7755400
2024-03-07 09:27:48,528 [INFO] Sucessfully scraped url 15: https://www.worten.pt/produtos/tv-samsung-tq77s92catxxc-oled-4k-ultra-hd-77-196-cm-smart-tv-7761028
2024-03-07 09:27:49,991 [INFO] Sucessfully scraped url 16: https://www.worten.pt/produtos/tv-sony-bravia-xr-55a84l-oled-55-140-cm-4k-ultra-hd-smart-tv-7753618
2024-03-07 09:27:51,151 [INFO] Sucessfully scraped url 17: https://www.worten.pt/produtos/tv-samsung-tq85q60cauxxc-qled-85-216-cm-4k-ultra-hd-smart-tv-7755401
2024-03-07 09:27:52,327 [INFO] Sucessfully scraped url 18: https://www.worten.pt/produtos/tv-samsung-tq85qn85catxxc-neo-qled-85-216-cm-4k-ultra-hd-smart-tv-7733140
2024-03-07 09:27:53,460 [INFO] Sucessfully scraped url 19: https://www.worten.pt/produtos/tv-samsung-tq75qn85catxxc-neo-qled-75-189-cm-4k-ultra-hd-smart-tv-7733139
2024-03-07 09:27:55,509 [INFO] Sucessfully scraped url 20: https://www.worten.pt/produtos/tv-lg-oled55c36lc-oled-evo-55-140-cm-4k-ultra-hd-smart-tv-7740574
2024-03-07 09:27:57,324 [INFO] Sucessfully scraped url 21: https://www.worten.pt/produtos/tv-hisense-65a6k-led-65-165-cm-4k-ultra-hd-smart-tv-7749072
2024-03-07 09:27:58,326 [INFO] Sucessfully scraped url 22: https://www.worten.pt/produtos/tv-lg-oled65c36lc-oled-evo-65-165-cm-4k-ultra-hd-smart-tv-7740576
2024-03-07 09:27:59,409 [INFO] Sucessfully scraped url 23: https://www.worten.pt/produtos/tv-samsung-ue55au7025kxxc-led-55-140-cm-4k-ultra-hd-smart-tv-7634916
2024-03-07 09:28:00,426 [INFO] Sucessfully scraped url 24: https://www.worten.pt/produtos/tv-philips-55pus7608-led-55-140-cm-4k-ultra-hd-smart-tv-7757479
2024-03-07 09:28:01,823 [INFO] Sucessfully scraped url 25: https://www.worten.pt/produtos/tv-samsung-ue32t5305cexxc-led-32-81-cm-full-hd-smart-tv-7744834
2024-03-07 09:28:02,992 [INFO] Sucessfully scraped url 26: https://www.worten.pt/produtos/tv-lg-32lq570b6la-aeu-led-32-81-cm-hd-smart-tv-7552593
2024-03-07 09:28:04,420 [INFO] Sucessfully scraped url 27: https://www.worten.pt/produtos/tv-samsung-ue32t4305aexxc-led-32-81-cm-smart-tv-7744833
2024-03-07 09:28:05,522 [INFO] Sucessfully scraped url 28: https://www.worten.pt/produtos/tv-lg-55qned816re-qned-55-140-cm-4k-ultra-hd-smart-tv-7745351
2024-03-07 09:28:07,388 [INFO] Sucessfully scraped url 29: https://www.worten.pt/produtos/tv-hisense-43a6k-led-43-109-cm-4k-ultra-hd-smart-tv-7749068
2024-03-07 09:28:08,522 [INFO] Sucessfully scraped url 30: https://www.worten.pt/produtos/tv-hisense-50a6k-led-50-127-cm-4k-ultra-hd-smart-tv-7749069
2024-03-07 09:28:09,505 [INFO] Sucessfully scraped url 31: https://www.worten.pt/produtos/tv-samsung-tq55q80catxxc-qled-55-140-cm-4k-ultra-hd-smart-tv-7754998
2024-03-07 09:28:10,507 [INFO] Sucessfully scraped url 32: https://www.worten.pt/produtos/tv-daewoo-32dm54ha1-led-32-81-cm-hd-android-tv-7721946
2024-03-07 09:28:11,487 [INFO] Sucessfully scraped url 33: https://www.worten.pt/produtos/tv-hisense-55u6kq-mini-led-4k-ultra-hd-55-139-cm-smart-tv-7749085
2024-03-07 09:28:12,516 [INFO] Sucessfully scraped url 34: https://www.worten.pt/produtos/tv-lg-43ur81006li-led-43-109-cm-4k-ultra-hd-smart-tv-7744851
2024-03-07 09:28:13,588 [INFO] Sucessfully scraped url 35: https://www.worten.pt/produtos/tv-sony-32w800-led-32-81-cm-hd-smart-tv-7390597
2024-03-07 09:28:14,911 [INFO] Sucessfully scraped url 36: https://www.worten.pt/produtos/tv-lg-55nano766qa-nano-cell-55-140-cm-4k-ultra-hd-smart-tv-7574830
2024-03-07 09:28:16,321 [INFO] Sucessfully scraped url 37: https://www.worten.pt/produtos/tv-chiq-lcr42g6fw-led-42-107-cm-full-hd-smart-tv-7840252
2024-03-07 09:28:17,335 [INFO] Sucessfully scraped url 38: https://www.worten.pt/produtos/tv-lg-43ur74006lb-led-43-109-cm-4k-ultra-hd-smart-tv-7860474
2024-03-07 09:28:18,595 [INFO] Sucessfully scraped url 39: https://www.worten.pt/produtos/tv-lg-43ur73006la-led-43-109-cm-4k-ultra-hd-smart-tv-7744839
2024-03-07 09:28:20,732 [INFO] Sucessfully scraped url 40: https://www.worten.pt/produtos/tv-lg-oled-65b36la-oled-65-165-cm-4k-ultra-hd-smart-tv-7745436
2024-03-07 09:28:22,754 [INFO] Sucessfully scraped url 41: https://www.worten.pt/produtos/tv-hisense-32a4k-led-32-81-cm-hd-ready-smart-tv-7724754
2024-03-07 09:28:23,914 [INFO] Sucessfully scraped url 42: https://www.worten.pt/produtos/tv-chiq-lcr32g5nw-led-32-81-cm-hd-smart-tv-7840251
2024-03-07 09:28:24,897 [INFO] Sucessfully scraped url 43: https://www.worten.pt/produtos/tv-smart-tech-32hn10t2-led-32-81-cm-hd-7607804
2024-03-07 09:28:26,036 [INFO] Sucessfully scraped url 44: https://www.worten.pt/produtos/tv-lg-43nano766qa-nano-cell-43-109-cm-4k-ultra-hd-smart-tv-7574832
2024-03-07 09:28:27,538 [INFO] Sucessfully scraped url 45: https://www.worten.pt/produtos/tv-smart-tech-32ha20v3-led-32-80-cm-hd-android-tv-7799866
2024-03-07 09:28:29,770 [INFO] Sucessfully scraped url 46: https://www.worten.pt/produtos/tv-samsung-tu50cu7175uxxc-led-4k-ultra-hd-50-127-cm-smart-tv-7760862
2024-03-07 09:28:31,861 [INFO] Sucessfully scraped url 47: https://www.worten.pt/produtos/tv-samsung-tu55cu8505kxxc-led-4k-ultra-hd-55-140-cm-smart-tv-7761021
2024-03-07 09:28:34,284 [INFO] Sucessfully scraped url 48: https://www.worten.pt/produtos/tv-philips-65pus8118-led-65-165-cm-4k-ultra-hd-smart-tv-7757491
2024-03-07 09:28:35,510 [INFO] Sucessfully scraped url 49: https://www.worten.pt/produtos/tv-samsung-tu43cu7175uxxc-led-4k-ultra-hd-43-109-cm-smart-tv-7760970
2024-03-07 09:28:36,534 [INFO] Sucessfully scraped url 50: https://www.worten.pt/produtos/tv-samsung-tq43q68cauxxc-qled-43-109-cm-4k-ultra-hd-smart-tv-7755403
2024-03-07 09:28:37,632 [INFO] Sucessfully scraped url 51: https://www.worten.pt/produtos/tv-blaupunkt-ba40f4382qe-led-40-102-cm-full-hd-smart-tv-7645339
2024-03-07 09:28:38,670 [INFO] Sucessfully scraped url 52: https://www.worten.pt/produtos/tv-lg-24tq520s-pz-led-24-61-cm-hd-smart-tv-7577851
2024-03-07 09:28:40,609 [INFO] Sucessfully scraped url 53: https://www.worten.pt/produtos/tv-lg-50ur73006la-led-50-127-cm-4k-ultra-hd-smart-tv-7744838
2024-03-07 09:28:41,707 [INFO] Sucessfully scraped url 54: https://www.worten.pt/produtos/tv-samsung-ue43au7025kxxc-led-43-109-cm-4k-ultra-hd-smart-tv-7634896
2024-03-07 09:28:43,820 [INFO] Sucessfully scraped url 55: https://www.worten.pt/produtos/tv-hisense-50e7kq-dobly-vision-qled-50-127-cm-4k-ultra-hd-smart-tv-7749074
2024-03-07 09:28:45,933 [INFO] Sucessfully scraped url 56: https://www.worten.pt/produtos/tv-smart-tech-55ug10v3-led-55-140-cm-4k-ultra-hd-google-tv-7799865
2024-03-07 09:28:46,999 [INFO] Sucessfully scraped url 57: https://www.worten.pt/produtos/tv-lg-75ur78006lk-led-75-189-cm-4k-ultra-hd-smart-tv-7744842
2024-03-07 09:28:47,999 [INFO] Sucessfully scraped url 58: https://www.worten.pt/produtos/tv-blaupunkt-ba32h4382q-led-32-81-cm-hd-android-tv-7645341
2024-03-07 09:28:49,930 [INFO] Sucessfully scraped url 59: https://www.worten.pt/produtos/tv-samsung-tu55cu7175uxxc-led-4k-ultra-hd-55-140-cm-smart-tv-7760859
2024-03-07 09:28:51,881 [INFO] Sucessfully scraped url 60: https://www.worten.pt/produtos/tv-samsung-tq55q75catxxc-qled-55-140-cm-4k-ultra-hd-smart-tv-7755413
2024-03-07 09:28:53,082 [INFO] Sucessfully scraped url 61: https://www.worten.pt/produtos/tv-samsung-tq65q68cauxxc-qled-65-165-cm-4k-ultra-hd-smart-tv-7755409
2024-03-07 09:28:54,568 [INFO] Sucessfully scraped url 62: https://www.worten.pt/produtos/tv-hisense-55e7kq-dobly-vision-qled-55-140-cm-4k-ultra-hd-smart-tv-7749075
2024-03-07 09:28:56,384 [INFO] Sucessfully scraped url 63: https://www.worten.pt/produtos/tv-samsung-tu65cu7175uxxc-led-4k-ultra-hd-65-165-cm-smart-tv-7760857
2024-03-07 09:28:58,358 [INFO] Sucessfully scraped url 64: https://www.worten.pt/produtos/tv-lg-65nano766qa-nano-cell-65-165-cm-4k-ultra-hd-smart-tv-7574829
2024-03-07 09:29:00,247 [INFO] Sucessfully scraped url 65: https://www.worten.pt/produtos/tv-lg-65qned816re-qned-65-165-cm-4k-ultra-hd-smart-tv-7745368
2024-03-07 09:29:02,164 [INFO] Sucessfully scraped url 66: https://www.worten.pt/produtos/tv-blaupunkt-ba24h4382qeb-led-24-61-cm-hd-smart-tv-7930189
2024-03-07 09:29:03,330 [INFO] Sucessfully scraped url 67: https://www.worten.pt/produtos/tv-samsung-tq55q60cauxxc-qled-55-140-cm-4k-ultra-hd-smart-tv-7755398
2024-03-07 09:29:04,363 [INFO] Sucessfully scraped url 68: https://www.worten.pt/produtos/tv-led-32-hd-usb-pvr-c-sintonizador-tdt-esmart-mrkean-5603936022518
2024-03-07 09:29:06,189 [INFO] Sucessfully scraped url 69: https://www.worten.pt/produtos/tv-philips-43pus7608-led-43-109-cm-4k-ultra-hd-smart-tv-7757451
2024-03-07 09:29:07,347 [INFO] Sucessfully scraped url 70: https://www.worten.pt/produtos/tv-hisense-40a5kq-qled-40-102-cm-full-hd-smart-tv-7741808
2024-03-07 09:29:08,413 [INFO] Sucessfully scraped url 71: https://www.worten.pt/produtos/tv-lg-65ur81006li-led-65-165-cm-4k-ultra-hd-smart-tv-7744848
2024-03-07 09:29:09,646 [INFO] Sucessfully scraped url 72: https://www.worten.pt/produtos/tv-lg-24tq510s-led-24-61-cm-smart-tv-7577852
2024-03-07 09:29:10,616 [INFO] Sucessfully scraped url 73: https://www.worten.pt/produtos/tv-philips-55pus8118-led-55-140-cm-4k-ultra-hd-smart-tv-7757454
2024-03-07 09:29:11,698 [INFO] Sucessfully scraped url 74: https://www.worten.pt/produtos/tv-smart-tech-50ug10v3-led-4k-ultra-hd-50-127-cm-smart-tv-7926410
2024-03-07 09:29:13,866 [INFO] Sucessfully scraped url 75: https://www.worten.pt/produtos/tv-samsung-tq65q75catxxc-qled-65-165-cm-4k-ultra-hd-smart-tv-7755414
2024-03-07 09:29:15,149 [INFO] Sucessfully scraped url 76: https://www.worten.pt/produtos/tv-led-24-hd-usb-pvr-mide24-c-sintonizador-tdt-esmart-mrkean-5603936023256
2024-03-07 09:29:16,213 [INFO] Sucessfully scraped url 77: https://www.worten.pt/produtos/tv-hisense-32a5kq-qled-32-81-cm-full-hd-smart-tv-7741807
2024-03-07 09:29:17,229 [INFO] Sucessfully scraped url 78: https://www.worten.pt/produtos/tv-samsung-tq55qn85catxxc-neo-qled-55-140-cm-4k-ultra-hd-smart-tv-7733125
2024-03-07 09:29:18,266 [INFO] Sucessfully scraped url 79: https://www.worten.pt/produtos/tv-lg-50nano766qa-nano-cell-50-127-cm-4k-ultra-hd-smart-tv-7574831
2024-03-07 09:29:19,377 [INFO] Sucessfully scraped url 80: https://www.worten.pt/produtos/tv-hisense-40a4k-40-102-cm-full-hd-smart-tv-7724752
2024-03-07 09:29:20,461 [INFO] Sucessfully scraped url 81: https://www.worten.pt/produtos/tv-hisense-65u6kq-mini-led-uled-4k-65-164-cm-smart-tv-7749086
2024-03-07 09:29:22,377 [INFO] Sucessfully scraped url 82: https://www.worten.pt/produtos/tv-lg-75ur81006li-led-75-189-cm-4k-ultra-hd-smart-tv-7744847
2024-03-07 09:29:24,269 [INFO] Sucessfully scraped url 83: https://www.worten.pt/produtos/tv-samsung-tq43q60cauxxc-qled-43-109-cm-4k-ultra-hd-smart-tv-7755039
2024-03-07 09:29:25,227 [INFO] Sucessfully scraped url 84: https://www.worten.pt/produtos/tv-samsung-tq50q68cauxxc-qled-50-127-cm-4k-ultra-hd-smart-tv-7755406
2024-03-07 09:29:26,319 [INFO] Sucessfully scraped url 85: https://www.worten.pt/produtos/tv-samsung-tq75q75catxxc-qled-75-189-cm-4k-ultra-hd-smart-tv-7755416
2024-03-07 09:29:27,360 [INFO] Sucessfully scraped url 86: https://www.worten.pt/produtos/tv-lg-55ur74006lb-uhd-55-4k-ultra-hd-smart-tv-7860475
2024-03-07 09:29:28,493 [INFO] Sucessfully scraped url 87: https://www.worten.pt/produtos/tv-lg-32lq63806lc-led-32-81-cm-full-hd-smart-tv-7574806
2024-03-07 09:29:30,685 [INFO] Sucessfully scraped url 88: https://www.worten.pt/produtos/tv-samsung-tu75cu7175uxxc-led-4k-ultra-hd-75-189-cm-smart-tv-7760851
2024-03-07 09:29:31,865 [INFO] Sucessfully scraped url 89: https://www.worten.pt/produtos/tv-hisense-55u7kq-mini-led-uled-4k-55-139-cm-smart-tv-7749087
2024-03-07 09:29:33,079 [INFO] Sucessfully scraped url 90: https://www.worten.pt/produtos/tv-daewoo-32de05hl1-led-32-81-cm-hd-7984523
2024-03-07 09:29:34,077 [INFO] Sucessfully scraped url 91: https://www.worten.pt/produtos/tv-samsung-tu43cu8505kxxc-led-4k-ultra-hd-43-109-cm-smart-tv-7760826
2024-03-07 09:29:36,210 [INFO] Sucessfully scraped url 92: https://www.worten.pt/produtos/tv-hisense-55a7kq-qled-55-140-cm-4k-ultra-hd-smart-tv-7749081
2024-03-07 09:29:37,417 [INFO] Sucessfully scraped url 93: https://www.worten.pt/produtos/tv-xiaomi-a2-led-43-109-cm-hd-smart-tv-7639328
2024-03-07 09:29:38,692 [INFO] Sucessfully scraped url 94: https://www.worten.pt/produtos/tv-smart-tech-43ua10v3-led-43-109-cm-4k-ultra-hd-android-tv-7594129
2024-03-07 09:29:39,975 [INFO] Sucessfully scraped url 95: https://www.worten.pt/produtos/tv-lg-55ur91006la-led-55-140-cm-4k-ultra-hd-smart-tv-7744854
2024-03-07 09:29:41,209 [INFO] Sucessfully scraped url 96: https://www.worten.pt/produtos/tv-samsung-tq65qn85catxxc-neo-qled-65-165-cm-4k-ultra-hd-smart-tv-7733127
2024-03-07 09:29:42,341 [INFO] Sucessfully scraped url 97: https://www.worten.pt/produtos/tv-lg-75ur76006ll-led-75-189-cm-4k-ultra-hd-smart-tv-7860477
2024-03-07 09:29:43,394 [INFO] Sucessfully scraped url 98: https://www.worten.pt/produtos/tv-samsung-tu85cu7105kxxc-led-4k-ultra-hd-85-216-cm-smart-tv-7760837
2024-03-07 09:29:44,550 [INFO] Sucessfully scraped url 99: https://www.worten.pt/produtos/tv-tcl-75p635-led-75-189-cm-4k-ultra-hd-smart-tv-7651811
2024-03-07 09:29:45,714 [INFO] Sucessfully scraped url 100: https://www.worten.pt/produtos/tv-samsung-tq55s95catxxc-oled-55-140-cm-4k-ultra-hd-smart-tv-7733131
2024-03-07 09:29:46,841 [INFO] Sucessfully scraped url 101: https://www.worten.pt/produtos/tv-hisense-43e7kq-dobly-vision-qled-43-109-cm-4k-ultra-hd-smart-tv-7749073
2024-03-07 09:29:48,010 [INFO] Sucessfully scraped url 102: https://www.worten.pt/produtos/tv-samsung-tq50q80catxxc-qled-50-127-cm-4k-ultra-hd-smart-tv-7755468
2024-03-07 09:29:49,090 [INFO] Sucessfully scraped url 103: https://www.worten.pt/produtos/tv-lg-43ur91006la-led-43-109-cm-4k-ultra-hd-smart-tv-7744856
2024-03-07 09:29:50,249 [INFO] Sucessfully scraped url 104: https://www.worten.pt/produtos/tv-samsung-tu65cu8505kxxc-led-4k-ultra-hd-65-165-cm-smart-tv-7761018
2024-03-07 09:29:52,174 [INFO] Sucessfully scraped url 105: https://www.worten.pt/produtos/tv-hisense-50a7kq-qled-50-127-cm-4k-ultra-hd-smart-tv-7749080
2024-03-07 09:29:53,209 [INFO] Sucessfully scraped url 106: https://www.worten.pt/produtos/tv-bsl-bsl-24t2satv-led-full-hd-24-61-cm-smart-tv-mrkean-8436542333443
2024-03-07 09:29:55,323 [INFO] Sucessfully scraped url 107: https://www.worten.pt/produtos/tv-samsung-tq65q60cauxxc-qled-65-165-cm-4k-ultra-hd-smart-tv-7755399
2024-03-07 09:29:56,455 [INFO] Sucessfully scraped url 108: https://www.worten.pt/produtos/tv-samsung-the-frame-tq32ls03cbuxxc-qled-full-hd-32-81-cm-smart-tv-7760799
2024-03-07 09:29:58,382 [INFO] Sucessfully scraped url 109: https://www.worten.pt/produtos/tv-hisense-75a6k-led-75-189-cm-4k-ultra-hd-smart-tv-7800377
2024-03-07 09:30:08,913 [ERROR] Failed to scrape url 110, with the link https://www.worten.pt/produtos/tv-hisense-65a7kq-qled-4k-ultra-hd-65-164-cm-smart-tv-7749082. ERROR: 
 'NoneType' object has no attribute 'text'
2024-03-07 09:30:10,021 [INFO] Sucessfully scraped url 111: https://www.worten.pt/produtos/tv-lg-50ur81006li-led-50-127-cm-4k-ultra-hd-smart-tv-7744850
2024-03-07 09:30:11,004 [INFO] Sucessfully scraped url 112: https://www.worten.pt/produtos/tv-xiaomi-p1e-led-32-81-cm-hd-7779595
2024-03-07 09:30:12,320 [INFO] Sucessfully scraped url 113: https://www.worten.pt/produtos/tv-samsung-tq55q70catxxc-qled-55-140-cm-4k-ultra-hd-smart-tv-7755410
2024-03-07 09:30:13,477 [INFO] Sucessfully scraped url 114: https://www.worten.pt/produtos/tv-nevir-nvr-7710-24rd2-b-led-mrkean-8427155023579
2024-03-07 09:30:14,590 [INFO] Sucessfully scraped url 115: https://www.worten.pt/produtos/tv-lg-oled42c34la-oled-42-107-cm-4k-ultra-hd-smart-tv-7744858
2024-03-07 09:30:15,644 [INFO] Sucessfully scraped url 116: https://www.worten.pt/produtos/tv-samsung-ue65au7025kxxc-led-65-165-cm-4k-ultra-hd-smart-tv-7634918
2024-03-07 09:30:16,737 [INFO] Sucessfully scraped url 117: https://www.worten.pt/produtos/tv-xiaomi-mi-p1e-led-55-140-cm-4k-ultra-hd-android-7553263
2024-03-07 09:30:17,706 [INFO] Sucessfully scraped url 118: https://www.worten.pt/produtos/tv-samsung-tu75cu7105-led-75-189-cm-4k-ultra-hd-smart-tv-mrkean-8806094907612
2024-03-07 09:30:18,856 [INFO] Sucessfully scraped url 119: https://www.worten.pt/produtos/tv-lg-oled77c36lc-oled-evo-77-196-cm-4k-ultra-hd-smart-tv-7740577
2024-03-07 09:30:19,969 [INFO] Sucessfully scraped url 120: https://www.worten.pt/produtos/tv-smart-tech-24ha20t3-lcd-24-61-cm-smart-tv-7863265
2024-03-07 09:30:21,003 [INFO] Sucessfully scraped url 121: https://www.worten.pt/produtos/tv-bsl-bsl-32t2satv-led-hd-32-81-cm-smart-tv-mrkean-8436542333450
2024-03-07 09:30:22,047 [INFO] Sucessfully scraped url 122: https://www.worten.pt/produtos/tv-philips-65oled718-oled-65-165-cm-4k-ultra-hd-smart-tv-7797661
2024-03-07 09:30:23,069 [INFO] Sucessfully scraped url 123: https://www.worten.pt/produtos/tv-lg-65ur76006ll-led-65-165-cm-4k-ultra-hd-smart-tv-7860476
2024-03-07 09:30:24,152 [INFO] Sucessfully scraped url 124: https://www.worten.pt/produtos/tv-samsung-tq55qn90catxxc-neo-qled-4k-55-smart-tv-7802733
2024-03-07 09:30:25,369 [INFO] Sucessfully scraped url 125: https://www.worten.pt/produtos/tv-hisense-55u8kq-mini-led-uled-4k-55-139-cm-smart-tv-7749090
2024-03-07 09:30:26,421 [INFO] Sucessfully scraped url 126: https://www.worten.pt/produtos/tv-vox-43gof205b-led-43-109-cm-full-hd-smart-tv-7926360
2024-03-07 09:30:28,384 [INFO] Sucessfully scraped url 127: https://www.worten.pt/produtos/tv-lg-75nano756qa-nano-cell-75-189-cm-premium-uhd-smart-tv-7860492
2024-03-07 09:30:30,456 [INFO] Sucessfully scraped url 128: https://www.worten.pt/produtos/tv-lg-27tq615s-pz-led-27-68-cm-full-hd-smart-tv-7970156
2024-03-07 09:30:31,660 [INFO] Sucessfully scraped url 129: https://www.worten.pt/produtos/tv-sony-bravia-kd-65x75wl-led-65-165-cm-4k-ultra-hd-smart-tv-7756049
2024-03-07 09:30:33,055 [INFO] Sucessfully scraped url 130: https://www.worten.pt/produtos/tv-samsung-tq77s95catxxc-oled-77-196-cm-4k-ultra-hd-smart-tv-7733116
2024-03-07 09:30:34,421 [INFO] Sucessfully scraped url 131: https://www.worten.pt/produtos/tv-lg-75qned816re-qned-75-189-cm-4k-ultra-hd-smart-tv-7745369
2024-03-07 09:30:35,584 [INFO] Sucessfully scraped url 132: https://www.worten.pt/produtos/tv-hisense-43a6bg-led-43-109-cm-4k-ultra-hd-smart-tv-7470481
2024-03-07 09:30:36,760 [INFO] Sucessfully scraped url 133: https://www.worten.pt/produtos/tv-lg-oled55g36la-oled-gallery-evo-55-140-cm-4k-ultra-hd-smart-tv-7740569
2024-03-07 09:30:38,050 [INFO] Sucessfully scraped url 134: https://www.worten.pt/produtos/tv-samsung-tq65qn700ctxxc-neo-qled-8k-65-smart-tv-7779544
2024-03-07 09:30:39,129 [INFO] Sucessfully scraped url 135: https://www.worten.pt/produtos/tv-samsung-tq65s95catxxc-oled-65-165-cm-4k-ultra-hd-smart-tv-7733136
2024-03-07 09:30:40,267 [INFO] Sucessfully scraped url 136: https://www.worten.pt/produtos/tv-samsung-tq55qn700ctxxc-neo-qled-8k-55-smart-tv-7779545
2024-03-07 09:30:41,319 [INFO] Sucessfully scraped url 137: https://www.worten.pt/produtos/tv-philips-55oled718-oled-55-140-cm-4k-ultra-hd-smart-tv-7797552
2024-03-07 09:30:42,733 [INFO] Sucessfully scraped url 138: https://www.worten.pt/produtos/tv-philips-32phs6808-led-32-81-cm-hd-ready-7757449
2024-03-07 09:30:43,849 [INFO] Sucessfully scraped url 139: https://www.worten.pt/produtos/tv-tcl-32s5200-led-hd-ready-32-81-cm-smart-tv-7763692
2024-03-07 09:30:44,958 [INFO] Sucessfully scraped url 140: https://www.worten.pt/produtos/tv-hisense-65u7kq-mini-led-uled-4k-65-164-cm-smart-tv-7749088
2024-03-07 09:30:46,233 [INFO] Sucessfully scraped url 141: https://www.worten.pt/produtos/tv-sony-bravia-kd-50x75wl-led-50-127-cm-4k-ultra-hd-smart-tv-7756097
2024-03-07 09:30:47,308 [INFO] Sucessfully scraped url 142: https://www.worten.pt/produtos/tv-samsung-tq55qn95catxxc-neo-qled-55-140-cm-4k-ultra-hd-smart-tv-7733138
2024-03-07 09:30:48,756 [INFO] Sucessfully scraped url 143: https://www.worten.pt/produtos/tv-samsung-qe43qn90b-neo-qled-43-109-cm-4k-ultra-hd-smart-tv-7555731
2024-03-07 09:30:50,721 [INFO] Sucessfully scraped url 144: https://www.worten.pt/produtos/tv-lg-86qned816re-qned-86-218-cm-4k-ultra-hd-smart-tv-7745378
2024-03-07 09:30:51,867 [INFO] Sucessfully scraped url 145: https://www.worten.pt/produtos/tv-sony-bravia-kd-55x85l-led-55-140-cm-4k-ultra-hd-smart-tv-7756728
2024-03-07 09:30:52,924 [INFO] Sucessfully scraped url 146: https://www.worten.pt/produtos/tv-lg-43nano756qc-nano-cell-43-premium-uhd-smart-tv-7860479
2024-03-07 09:30:54,814 [INFO] Sucessfully scraped url 147: https://www.worten.pt/produtos/tv-sony-bravia-kd-55x75wl-led-55-140-cm-4k-ultra-hd-smart-tv-7756051
2024-03-07 09:30:55,917 [INFO] Sucessfully scraped url 148: https://www.worten.pt/produtos/tv-lg-86ur78006lk-led-86-218-cm-4k-ultra-hd-smart-tv-7744841
2024-03-07 09:30:57,304 [INFO] Sucessfully scraped url 149: https://www.worten.pt/produtos/tv-samsung-tq50qn90catxxc-neo-qled-4k-50-smart-tv-7802731
2024-03-07 09:30:58,664 [INFO] Sucessfully scraped url 150: https://www.worten.pt/produtos/tv-smart-tech-65ug10v3-led-65-165-cm-4k-ultra-hd-smart-tv-7785101
2024-03-07 09:30:59,847 [INFO] Sucessfully scraped url 151: https://www.worten.pt/produtos/tv-tcl-55c745-qled-144hz-4k-ultra-hd-55-140-cm-smart-tv-7763754
2024-03-07 09:31:01,230 [INFO] Sucessfully scraped url 152: https://www.worten.pt/produtos/tv-lg-86ur81006li-led-86-218-cm-4k-ultra-hd-smart-tv-7744846
2024-03-07 09:31:03,313 [INFO] Sucessfully scraped url 153: https://www.worten.pt/produtos/tv-tcl-55c845-led-4k-ultra-hd-55-140-cm-smart-tv-7766236
2024-03-07 09:31:04,363 [INFO] Sucessfully scraped url 154: https://www.worten.pt/produtos/tv-lg-55nano756qc-nano-cell-55-premium-uhd-smart-tv-7860490
2024-03-07 09:31:05,288 [INFO] Sucessfully scraped url 155: https://www.worten.pt/produtos/tv-manta-32lhs89t-led-32-81-cm-hd-smart-tv-mrkean-5903089904830
2024-03-07 09:31:06,232 [INFO] Sucessfully scraped url 156: https://www.worten.pt/produtos/tv-samsung-tq50q60cauxxc-qled-50-127-cm-4k-ultra-hd-smart-tv-7755317
2024-03-07 09:31:07,455 [INFO] Sucessfully scraped url 157: https://www.worten.pt/produtos/tv-lg-oled77b36la-oled-77-196-cm-4k-ultra-hd-smart-tv-7740582
2024-03-07 09:31:08,680 [INFO] Sucessfully scraped url 158: https://www.worten.pt/produtos/tv-tcl-43p635-led-43-109-cm-4k-ultra-hd-smart-tv-7651815
2024-03-07 09:31:09,996 [INFO] Sucessfully scraped url 159: https://www.worten.pt/produtos/tv-lg-oled77g36la-oled-gallery-evo-77-196-cm-4k-ultra-hd-smart-tv-7740571
2024-03-07 09:31:11,011 [INFO] Sucessfully scraped url 160: https://www.worten.pt/produtos/tv-lg-oled65g36la-oled-gallery-evo-65-165-cm-4k-ultra-hd-smart-tv-7740570
2024-03-07 09:31:12,028 [INFO] Sucessfully scraped url 161: https://www.worten.pt/produtos/tv-lg-oled83c34la-oled-evo-83-209-cm-4k-ultra-hd-smart-tv-7740579
2024-03-07 09:31:14,045 [INFO] Sucessfully scraped url 162: https://www.worten.pt/produtos/tv-samsung-tq75q80catxxc-qled-75-189-cm-4k-ultra-hd-smart-tv-7755470
2024-03-07 09:31:15,145 [INFO] Sucessfully scraped url 163: https://www.worten.pt/produtos/tv-lg-70nano766qa-nano-cell-70-176-cm-4k-ultra-hd-smart-tv-7574828
2024-03-07 09:31:16,212 [INFO] Sucessfully scraped url 164: https://www.worten.pt/produtos/tv-samsung-qe55s95batxxc-oled-55-140-cm-4k-ultra-hd-smart-tv-7607625
2024-03-07 09:31:17,264 [INFO] Sucessfully scraped url 165: https://www.worten.pt/produtos/tv-samsung-tq65qn90catxxc-neo-qled-4k-65-smart-tv-7802737
2024-03-07 09:31:18,429 [INFO] Sucessfully scraped url 166: https://www.worten.pt/produtos/tv-sony-bravia-xr-77a84l-oled-77-196-cm-4k-ultra-hd-smart-tv-7753632
2024-03-07 09:31:19,614 [INFO] Sucessfully scraped url 167: https://www.worten.pt/produtos/tv-hisense-43a7kq-qled-43-109-cm-4k-ultra-hd-smart-tv-7749079
2024-03-07 09:31:20,748 [INFO] Sucessfully scraped url 168: https://www.worten.pt/produtos/tv-tcl-55p635-led-55-140-cm-4k-ultra-hd-smart-tv-7651813
2024-03-07 09:31:22,090 [INFO] Sucessfully scraped url 169: https://www.worten.pt/produtos/tv-lg-65nano756qc-nano-cell-65-premium-uhd-smart-tv-7860491
2024-03-07 09:31:23,254 [INFO] Sucessfully scraped url 170: https://www.worten.pt/produtos/tv-tcl-40s5400a-led-40-102-cm-full-hd-smart-tv-7859227
2024-03-07 09:31:24,326 [INFO] Sucessfully scraped url 171: https://www.worten.pt/produtos/tv-hisense-75u7kq-mini-led-uled-4k-75-189-cm-smart-tv-7749089
2024-03-07 09:31:25,415 [INFO] Sucessfully scraped url 172: https://www.worten.pt/produtos/tv-hisense-65u8kq-mini-led-144hz-uled-4k-65-165-cm-smart-tv-7749091
2024-03-07 09:31:27,276 [INFO] Sucessfully scraped url 173: https://www.worten.pt/produtos/tv-hisense-75a7kq-led-75-189-cm-4k-ultra-hd-smart-tv-7844703
2024-03-07 09:31:28,326 [INFO] Sucessfully scraped url 174: https://www.worten.pt/produtos/tv-samsung-tq43qn90catxxc-neo-qled-4k-43-smart-tv-7802725
2024-03-07 09:31:29,529 [INFO] Sucessfully scraped url 175: https://www.worten.pt/produtos/tv-xiaomi-mi-a2-led-55-140-cm-4k-ultra-hd-smart-tv-7637681
2024-03-07 09:31:30,605 [INFO] Sucessfully scraped url 176: https://www.worten.pt/produtos/tv-sony-xr-55x90l-led-55-140-cm-4k-ultra-hd-smart-tv-7779547
2024-03-07 09:31:32,142 [INFO] Sucessfully scraped url 177: https://www.worten.pt/produtos/tv-sony-xr42a90kaep-oled-42-107-cm-4k-ultra-hd-smart-tv-7612839
2024-03-07 09:31:33,179 [INFO] Sucessfully scraped url 178: https://www.worten.pt/produtos/tv-tcl-43c645-qled-4k-ultra-hd-43-109-cm-smart-tv-7763693
2024-03-07 09:31:35,357 [INFO] Sucessfully scraped url 179: https://www.worten.pt/produtos/tv-samsung-tq32q50aeuxxc-qled-32-81-cm-full-hd-smart-tv-7754978
2024-03-07 09:31:36,483 [INFO] Sucessfully scraped url 180: https://www.worten.pt/produtos/tv-sony-bravia-kd-65x85l-led-65-165-cm-4k-ultra-hd-smart-tv-7756731
2024-03-07 09:31:38,669 [INFO] Sucessfully scraped url 181: https://www.worten.pt/produtos/tv-samsung-the-frame-tq43ls03bguxxc-led-4k-ultra-hd-43-109-cm-smart-tv-7760801
2024-03-07 09:31:39,946 [INFO] Sucessfully scraped url 182: https://www.worten.pt/produtos/tv-lg-28tq515s-wz-led-28-71-cm-hd-smart-tv-7643350
2024-03-07 09:31:41,243 [INFO] Sucessfully scraped url 183: https://www.worten.pt/produtos/tv-samsung-tq65q80catxxc-qled-65-165-cm-4k-ultra-hd-smart-tv-7755469
2024-03-07 09:31:42,566 [INFO] Sucessfully scraped url 184: https://www.worten.pt/produtos/tv-samsung-the-frame-tq55ls03bguxxc-led-4k-ultra-hd-55-140-cm-smart-tv-7760807
2024-03-07 09:31:43,769 [INFO] Sucessfully scraped url 185: https://www.worten.pt/produtos/tv-infiniton-intv-40p620-led-40-102-mrkean-8445639002803
2024-03-07 09:31:45,574 [INFO] Sucessfully scraped url 186: https://www.worten.pt/produtos/tv-tcl-serie-p745-98p745-led-98-249-cm-4k-ultra-hd-smart-tv-7859229
2024-03-07 09:31:46,804 [INFO] Sucessfully scraped url 187: https://www.worten.pt/produtos/tv-lg-86ur76006lc-uhd-86-4k-ultra-hd-smart-tv-7860478
2024-03-07 09:31:48,942 [INFO] Sucessfully scraped url 188: https://www.worten.pt/produtos/tv-sony-xr-85x90l-led-85-216-cm-4k-ultra-hd-smart-tv-7778806
2024-03-07 09:31:50,509 [INFO] Sucessfully scraped url 189: https://www.worten.pt/produtos/tv-samsung-qe55qn700btxxc-neo-qled-55-140-cm-8k-ultra-hd-smart-tv-7614081
2024-03-07 09:31:51,633 [INFO] Sucessfully scraped url 190: https://www.worten.pt/produtos/tv-lg-32lq630b6la-aeu-led-32-81-cm-hd-smart-tv-7546607
2024-03-07 09:31:52,810 [INFO] Sucessfully scraped url 191: https://www.worten.pt/produtos/tv-samsung-tq75qn800ctxxc-neo-qled-75-189-cm-8k-ultra-hd-smart-tv-7732925
2024-03-07 09:31:54,048 [INFO] Sucessfully scraped url 192: https://www.worten.pt/produtos/tv-sony-xr-65x90l-led-65-165-cm-4k-ultra-hd-smart-tv-7778808
2024-03-07 09:31:55,373 [INFO] Sucessfully scraped url 193: https://www.worten.pt/produtos/tv-samsung-tq65qn95catxxc-neo-qled-65-165-cm-4k-ultra-hd-smart-tv-7733141
2024-03-07 09:31:56,708 [INFO] Sucessfully scraped url 194: https://www.worten.pt/produtos/tv-xiaomi-mi-p1e-led-43-109-cm-4k-ultra-hd-android-7553264
2024-03-07 09:31:57,990 [INFO] Sucessfully scraped url 195: https://www.worten.pt/produtos/tv-philips-75pus7608-12-led-75-189-cm-4k-ultra-hd-smart-tv-7889476
2024-03-07 09:31:59,476 [INFO] Sucessfully scraped url 196: https://www.worten.pt/produtos/tv-tcl-65c645-qled-4k-ultra-hd-65-165-cm-smart-tv-7763730
2024-03-07 09:32:00,793 [INFO] Sucessfully scraped url 197: https://www.worten.pt/produtos/tv-sony-bravia-kd-43x75wl-led-43-109-cm-4k-ultra-hd-smart-tv-7756087
2024-03-07 09:32:01,972 [INFO] Sucessfully scraped url 198: https://www.worten.pt/produtos/tv-hisense-85abg-led-85-216-cm-4k-ultra-hd-smart-tv-7636050
2024-03-07 09:32:03,357 [INFO] Sucessfully scraped url 199: https://www.worten.pt/produtos/tv-samsung-tu75cu8505kxxc-led-4k-ultra-hd-75-189-cm-smart-tv-7760974
2024-03-07 09:32:04,409 [ERROR] Failed to scrape url 200, with the link https://www.worten.pt/produtos/tv-thomson-32hd3306-led-32-81-cm-hd-7579648. ERROR: 
 'NoneType' object has no attribute 'text'
2024-03-07 09:32:06,858 [INFO] Sucessfully scraped url 201: https://www.worten.pt/produtos/tv-aiwa-24hd4503-12-led-24-61-cm-7866794
2024-03-07 09:32:08,221 [INFO] Sucessfully scraped url 202: https://www.worten.pt/produtos/tv-sony-bravia-kd-75x75wl-led-75-189-cm-4k-ultra-hd-smart-tv-7756045
2024-03-07 09:32:09,471 [INFO] Sucessfully scraped url 203: https://www.worten.pt/produtos/tv-samsung-tq65qn800ctxxc-neo-qled-65-165-cm-8k-ultra-hd-smart-tv-7732924
2024-03-07 09:32:10,637 [INFO] Sucessfully scraped url 204: https://www.worten.pt/produtos/tv-samsung-24n4305akxxc-led-24-61-cm-hd-smart-tv-7050815
2024-03-07 09:32:11,904 [INFO] Sucessfully scraped url 205: https://www.worten.pt/produtos/tv-lg-oled83g36la-oled-gallery-evo-83-209-cm-4k-ultra-hd-smart-tv-7740572
2024-03-07 09:32:13,195 [INFO] Sucessfully scraped url 206: https://www.worten.pt/produtos/tv-samsung-tu50cu8505kxxc-led-4k-ultra-hd-50-127-cm-smart-tv-7761024
2024-03-07 09:32:14,086 [ERROR] Failed to scrape url 207, with the link https://www.worten.pt/produtos/tv-sony-xr55a95kaep-oled-55-140-cm-4k-ultra-hd-smart-tv-7595252. ERROR: 
 'NoneType' object has no attribute 'text'
2024-03-07 09:32:15,256 [INFO] Sucessfully scraped url 208: https://www.worten.pt/produtos/tv-tcl-50p615-led-50-127-cm-4k-ultra-hd-smart-tv-7263947
2024-03-07 09:32:16,903 [INFO] Sucessfully scraped url 209: https://www.worten.pt/produtos/tv-lg-oled48c26lb-oled-evo-48-122-cm-4k-ultra-hd-smart-tv-7579278
2024-03-07 09:32:17,641 [ERROR] Failed to scrape url 210, with the link https://www.worten.pt/produtos/tv-lg-86nano766qa-nano-cell-86-4k-ultra-hd-smart-tv-7574874. ERROR: 
 'NoneType' object has no attribute 'text'
2024-03-07 09:32:18,855 [INFO] Sucessfully scraped url 211: https://www.worten.pt/produtos/tv-samsung-tq65s90catxxc-oled-65-165-cm-4k-ultra-hd-smart-tv-7733135
2024-03-07 09:32:20,074 [INFO] Sucessfully scraped url 212: https://www.worten.pt/produtos/tv-tcl-65c845-led-4k-ultra-hd-65-165-cm-smart-tv-7766278
2024-03-07 09:32:31,251 [ERROR] Failed to scrape url 213, with the link https://www.worten.pt/produtos/tv-sony-xr50x90saep-led-50-127-cm-4k-ultra-hd-smart-tv-7599823. ERROR: 
 'NoneType' object has no attribute 'text'
2024-03-07 09:32:32,493 [INFO] Sucessfully scraped url 214: https://www.worten.pt/produtos/tv-lg-27tq615s-wz-led-27-68-cm-full-hd-smart-tv-7970155
2024-03-07 09:32:33,729 [INFO] Sucessfully scraped url 215: https://www.worten.pt/produtos/tv-samsung-tq65qn900ctxxc-neo-qled-65-165-cm-8k-ultra-hd-smart-tv-7732927
2024-03-07 09:32:34,832 [INFO] Sucessfully scraped url 216: https://www.worten.pt/produtos/tv-lg-oled65c34la-oled-4k-ultra-hd-65-165-cm-smart-tv-mrkean-8806091776914
2024-03-07 09:32:36,211 [INFO] Sucessfully scraped url 217: https://www.worten.pt/produtos/tv-samsung-tq75qn900ctxxc-neo-qled-75-189-cm-8k-ultra-hd-smart-tv-7732928
2024-03-07 09:32:37,483 [INFO] Sucessfully scraped url 218: https://www.worten.pt/produtos/tv-lg-oled65g26la-oled-evo-65-165-cm-4k-ultra-hd-smart-tv-7569036
2024-03-07 09:32:38,683 [INFO] Sucessfully scraped url 219: https://www.worten.pt/produtos/tv-samsung-the-frame-tq65ls03bguxxc-led-4k-ultra-hd-65-165-cm-smart-tv-7760810
2024-03-07 09:32:39,925 [INFO] Sucessfully scraped url 220: https://www.worten.pt/produtos/tv-xiaomi-a2-led-32-81-cm-hd-smart-tv-7639315
2024-03-07 09:32:41,229 [INFO] Sucessfully scraped url 221: https://www.worten.pt/produtos/tv-sony-bravia-xr-55a95l-qd-oled-55-140-cm-4k-ultra-hd-smart-tv-7847135
2024-03-07 09:32:42,716 [INFO] Sucessfully scraped url 222: https://www.worten.pt/produtos/tv-samsung-tq75qn95catxxc-neo-qled-75-189-cm-4k-ultra-hd-smart-tv-7733142
2024-03-07 09:32:44,041 [INFO] Sucessfully scraped url 223: https://www.worten.pt/produtos/tv-sony-bravia-85x80l-led-85-216-cm-4k-ultra-hd-smart-tv-7761257
2024-03-07 09:32:45,435 [INFO] Sucessfully scraped url 224: https://www.worten.pt/produtos/tv-philips-32phs6605-12-led-32-81-cm-hd-smart-tv-7626075
2024-03-07 09:32:47,528 [INFO] Sucessfully scraped url 225: https://www.worten.pt/produtos/tv-sony-xr-75x90l-led-75-189-cm-4k-ultra-hd-smart-tv-7778807
2024-03-07 09:32:48,557 [INFO] Sucessfully scraped url 226: https://www.worten.pt/produtos/tv-bsl-bsl-24t2-full-hd-mrkean-8436542333245
2024-03-07 09:32:50,733 [INFO] Sucessfully scraped url 227: https://www.worten.pt/produtos/tv-samsung-the-frame-tq75ls03bguxxc-led-4k-ultra-hd-75-189-cm-smart-tv-7760814
2024-03-07 09:32:52,202 [INFO] Sucessfully scraped url 228: https://www.worten.pt/produtos/tv-lg-75nano766qa-nano-cell-75-189-cm-4k-ultra-hd-smart-tv-7574827
2024-03-07 09:32:53,642 [INFO] Sucessfully scraped url 229: https://www.worten.pt/produtos/tv-lg-65ur78006lk-led-65-165-cm-4k-ultra-hd-smart-tv-7744843
2024-03-07 09:32:54,817 [INFO] Sucessfully scraped url 230: https://www.worten.pt/produtos/tv-samsung-qe43q68bauxxc-qled-43-109-cm-4k-ultra-hd-smart-tv-7576469
2024-03-07 09:32:55,920 [INFO] Sucessfully scraped url 231: https://www.worten.pt/produtos/tv-lg-oled77c34la-oled-4k-ultra-hd-77-196-cm-smart-tv-mrkean-8806087071580
2024-03-07 09:32:57,446 [INFO] Sucessfully scraped url 232: https://www.worten.pt/produtos/tv-samsung-qe55qn95batxxc-neo-qled-55-140-cm-4k-ultra-hd-smart-tv-7546204
2024-03-07 09:32:58,919 [INFO] Sucessfully scraped url 233: https://www.worten.pt/produtos/tv-samsung-tq85qn900ctxxc-neo-qled-85-216-cm-8k-ultra-hd-smart-tv-7732929
2024-03-07 09:32:59,979 [INFO] Sucessfully scraped url 234: https://www.worten.pt/produtos/tv-aiwa-24an4503-12hd-led-24-61-cm-smart-tv-7866796
2024-03-07 09:33:01,367 [INFO] Sucessfully scraped url 235: https://www.worten.pt/produtos/tv-samsung-tq55s90catxxc-oled-55-140-cm-4k-ultra-hd-smart-tv-7733129
2024-03-07 09:33:03,613 [INFO] Sucessfully scraped url 236: https://www.worten.pt/produtos/tv-lg-43nano756-nano-cell-43-109-cm-4k-ultra-hd-smart-tv-7383210
2024-03-07 09:33:05,522 [INFO] Sucessfully scraped url 237: https://www.worten.pt/produtos/tv-smart-tech-40fa10v3-led-40-102-cm-full-hd-android-tv-7576771
2024-03-07 09:33:06,966 [INFO] Sucessfully scraped url 238: https://www.worten.pt/produtos/tv-samsung-tq98q80catxxc-qled-98-249-cm-4k-ultra-hd-7815060
2024-03-07 09:33:08,489 [INFO] Sucessfully scraped url 239: https://www.worten.pt/produtos/tv-tcl-50c645-qled-4k-ultra-hd-50-127-cm-smart-tv-7763697
2024-03-07 09:33:09,957 [INFO] Sucessfully scraped url 240: https://www.worten.pt/produtos/tv-samsung-qe98qn90a-neo-qled-98-249-cm-4k-ultra-hd-smart-tv-7636126
2024-03-07 09:33:11,312 [INFO] Sucessfully scraped url 241: https://www.worten.pt/produtos/tv-samsung-tq75q70catxxc-qled-75-189-cm-4k-ultra-hd-smart-tv-7755412
2024-03-07 09:33:12,427 [INFO] Sucessfully scraped url 242: https://www.worten.pt/produtos/tv-smart-tech-24ha10t3-led-24-61-cm-hd-android-tv-7594128
2024-03-07 09:33:13,528 [INFO] Sucessfully scraped url 243: https://www.worten.pt/produtos/tv-daewoo-40dm63fa-led-40-102-cm-full-hd-smart-tv-7984524
2024-03-07 09:33:14,715 [INFO] Sucessfully scraped url 244: https://www.worten.pt/produtos/tv-tcl-65c745-qled-4k-ultra-hd-65-165-cm-smart-tv-7763755
2024-03-07 09:33:15,895 [INFO] Sucessfully scraped url 245: https://www.worten.pt/produtos/tv-hisense-65uxkq-mini-led-x-uled-x-65-164-cm-smart-tv-7749093
2024-03-07 09:33:16,921 [INFO] Sucessfully scraped url 246: https://www.worten.pt/produtos/tv-tcl-43p631-4k-ultra-hd-smart-tv-mrkean-5901292518608
2024-03-07 09:33:17,811 [ERROR] Failed to scrape url 247, with the link https://www.worten.pt/produtos/tv-lg-65uq75006lf-led-65-165-cm-4k-ultra-hd-smart-tv-7574788. ERROR: 
 'NoneType' object has no attribute 'text'
2024-03-07 09:33:19,020 [INFO] Sucessfully scraped url 248: https://www.worten.pt/produtos/tv-sony-bravia-xr-83a80l-oled-83-209-cm-4k-ultra-hd-smart-tv-7753616
2024-03-07 09:33:20,157 [INFO] Sucessfully scraped url 249: https://www.worten.pt/produtos/tv-sony-bravia-kd-75x85l-led-75-189-cm-4k-ultra-hd-smart-tv-7756733
2024-03-07 09:33:21,191 [INFO] Sucessfully scraped url 250: https://www.worten.pt/produtos/tv-lg-43uq76906le-led-43-109-cm-4k-ultra-hd-smart-tv-7574840
2024-03-07 09:33:23,159 [INFO] Sucessfully scraped url 251: https://www.worten.pt/produtos/tv-hisense-55u8hq-uled-55-140-cm-4k-ultra-hd-smart-tv-7622828
2024-03-07 09:33:24,277 [INFO] Sucessfully scraped url 252: https://www.worten.pt/produtos/tv-hisense-65a63h-led-65-165-cm-4k-ultra-hd-smart-tv-7536513
2024-03-07 09:33:25,665 [INFO] Sucessfully scraped url 253: https://www.worten.pt/produtos/tv-sony-xr-98x90l-led-98-249-cm-4k-ultra-hd-smart-tv-7778805
2024-03-07 09:33:27,001 [INFO] Sucessfully scraped url 254: https://www.worten.pt/produtos/tv-lg-oled48c34la-evo-oled-4k-ultra-hd-48-122-cm-smart-tv-mrkean-8806087073225
2024-03-07 09:33:27,943 [ERROR] Failed to scrape url 255, with the link https://www.worten.pt/produtos/tv-samsung-qe55qn85batxxc-neo-qled-55-140-cm-4k-ultra-hd-smart-tv-7552757. ERROR: 
 'NoneType' object has no attribute 'text'
2024-03-07 09:33:29,112 [INFO] Sucessfully scraped url 256: https://www.worten.pt/produtos/tv-sony-bravia-xr-77a95l-qd-oled-77-196-cm-4k-ultra-hd-smart-tv-7847132
2024-03-07 09:33:30,142 [INFO] Sucessfully scraped url 257: https://www.worten.pt/produtos/tv-sony-bravia-xr-55a80l-oled-55-140-cm-4k-ultra-hd-smart-tv-7753585
2024-03-07 09:33:31,443 [INFO] Sucessfully scraped url 258: https://www.worten.pt/produtos/tv-sony-bravia-xr-65a95l-qd-oled-65-165-cm-4k-ultra-hd-smart-tv-7847134
2024-03-07 09:33:32,588 [INFO] Sucessfully scraped url 259: https://www.worten.pt/produtos/tv-lg-75qned816qa-qned-75-189-cm-4k-ultra-hd-smart-tv-7581415
2024-03-07 09:33:33,962 [INFO] Sucessfully scraped url 260: https://www.worten.pt/produtos/tv-hisense-100l5f-laser-100-254-cm-4k-ultra-hd-smart-tv-7253861
2024-03-07 09:33:35,058 [INFO] Sucessfully scraped url 261: https://www.worten.pt/produtos/tv-philips-42oled818-oled-42-107-cm-4k-ultra-hd-smart-tv-7797555
2024-03-07 09:33:36,425 [INFO] Sucessfully scraped url 262: https://www.worten.pt/produtos/tv-philips-50pus8558-led-50-127-cm-4k-ultra-hd-smart-tv-7797506
2024-03-07 09:33:37,441 [INFO] Sucessfully scraped url 263: https://www.worten.pt/produtos/tv-vox-39a11h316b-led-39-99-cm-hd-smart-tv-7727740
2024-03-07 09:33:38,625 [INFO] Sucessfully scraped url 264: https://www.worten.pt/produtos/tv-samsung-ue65bu8505kxxc-led-65-165-cm-4k-ultra-hd-smart-tv-7576644
2024-03-07 09:33:40,474 [INFO] Sucessfully scraped url 265: https://www.worten.pt/produtos/tv-thomson-55ua5s13-smart-tv-55-139-cm-uhd-android-mrkean-9120106661484
2024-03-07 09:33:41,674 [INFO] Sucessfully scraped url 266: https://www.worten.pt/produtos/tv-lg-oled97g29la-oled-gallery-97-4k-ultra-hd-smart-tv-7744840
2024-03-07 09:33:43,172 [INFO] Sucessfully scraped url 267: https://www.worten.pt/produtos/tv-hisense-75u8kq-mini-led-uled-4k-75-190-5-cm-smart-tv-7749092
2024-03-07 09:33:44,340 [INFO] Sucessfully scraped url 268: https://www.worten.pt/produtos/tv-sony-xr65a90jaep-oled-65-165-cm-4k-ultra-hd-smart-tv-7387715
2024-03-07 09:33:45,494 [INFO] Sucessfully scraped url 269: https://www.worten.pt/produtos/tv-lg-65ur91006la-led-65-165-cm-4k-ultra-hd-smart-tv-7744853
2024-03-07 09:33:47,524 [INFO] Sucessfully scraped url 270: https://www.worten.pt/produtos/tv-infiniton-intv-55at3100-led-55-140-4k-ultra-hd-smart-tv-mrkean-8445639002841
2024-03-07 09:33:48,671 [INFO] Sucessfully scraped url 271: https://www.worten.pt/produtos/tv-lg-oled77z39la-oled-gallery-77-196-cm-8k-ultra-hd-smart-tv-7740580
2024-03-07 09:33:49,725 [INFO] Sucessfully scraped url 272: https://www.worten.pt/produtos/tv-samsung-tq65q70catxxc-qled-65-165-cm-4k-ultra-hd-smart-tv-7755411
2024-03-07 09:33:50,706 [INFO] Sucessfully scraped url 273: https://www.worten.pt/produtos/tv-smart-lin-32d1700-32-mrkean-5905669828031
2024-03-07 09:33:52,693 [INFO] Sucessfully scraped url 274: https://www.worten.pt/produtos/tv-polaroid-led-32-81-hd-mrkean-3584176903961
2024-03-07 09:33:54,805 [INFO] Sucessfully scraped url 275: https://www.worten.pt/produtos/tv-samsung-ue50bu8505kxxc-led-50-127-cm-4k-ultra-hd-smart-tv-7576640
2024-03-07 09:33:56,122 [INFO] Sucessfully scraped url 276: https://www.worten.pt/produtos/tv-lg-50qned816qa-qned-50-127-cm-4k-ultra-hd-smart-tv-7581420
2024-03-07 09:33:58,048 [INFO] Sucessfully scraped url 277: https://www.worten.pt/produtos/tv-tcl-65p635-led-65-165-cm-4k-ultra-hd-smart-tv-7651812
2024-03-07 09:33:59,163 [INFO] Sucessfully scraped url 278: https://www.worten.pt/produtos/tv-hisense-65a9h-oled-65-165-cm-4k-ultra-hd-smart-tv-7628979
2024-03-07 09:34:00,340 [INFO] Sucessfully scraped url 279: https://www.worten.pt/produtos/tv-philips-43pus8558-led-43-109-cm-4k-ultra-hd-smart-tv-7797647
2024-03-07 09:34:01,688 [INFO] Sucessfully scraped url 280: https://www.worten.pt/produtos/tv-samsung-tq85qn800ctxxc-neo-qled-85-216-cm-8k-ultra-hd-smart-tv-7732926
2024-03-07 09:34:03,399 [INFO] Sucessfully scraped url 281: https://www.worten.pt/produtos/tv-samsung-tq85qn95catxxc-neo-qled-85-216-cm-4k-ultra-hd-smart-tv-7732923
2024-03-07 09:34:04,995 [INFO] Sucessfully scraped url 282: https://www.worten.pt/produtos/tv-tcl-75c645-qled-4k-ultra-hd-75-189-cm-smart-tv-7763751
2024-03-07 09:34:07,328 [INFO] Sucessfully scraped url 283: https://www.worten.pt/produtos/tv-lg-oled88z29la-oled-88-224-cm-8k-ultra-hd-smart-tv-7574845
2024-03-07 09:34:09,354 [INFO] Sucessfully scraped url 284: https://www.worten.pt/produtos/tv-lg-oled42c26lb-oled-evo-42-107-cm-4k-ultra-hd-smart-tv-7579277
2024-03-07 09:34:10,570 [INFO] Sucessfully scraped url 285: https://www.worten.pt/produtos/tv-samsung-the-frame-qe32ls03bbux-qled-32-81-cm-full-hd-smart-tv-7591772
2024-03-07 09:34:11,886 [INFO] Sucessfully scraped url 286: https://www.worten.pt/produtos/tv-philips-55oled818-oled-55-140-cm-4k-ultra-hd-smart-tv-7797568
2024-03-07 09:34:13,935 [INFO] Sucessfully scraped url 287: https://www.worten.pt/produtos/tv-tcl-58p635-led-58-147-cm-4k-ultra-hd-smart-tv-7754000
2024-03-07 09:34:15,169 [INFO] Sucessfully scraped url 288: https://www.worten.pt/produtos/tv-hisense-55u7hq-uled-55-140-cm-4k-ultra-hd-smart-tv-7594119
2024-03-07 09:34:16,156 [INFO] Sucessfully scraped url 289: https://www.worten.pt/produtos/tv-lg-32lq631c-led-32-81-cm-hd-smart-tv-7704309
2024-03-07 09:34:17,345 [INFO] Sucessfully scraped url 290: https://www.worten.pt/produtos/tv-lg-43ur78006lk-led-43-109-cm-4k-ultra-hd-smart-tv-7744789
2024-03-07 09:34:18,623 [INFO] Sucessfully scraped url 291: https://www.worten.pt/produtos/tv-samsung-qe65qn700btxxc-neo-qled-65-165-cm-8k-ultra-hd-smart-tv-7614086
2024-03-07 09:34:19,370 [ERROR] Failed to scrape url 292, with the link https://www.worten.pt/produtos/tv-thomson-50qa2s13-50-126-cm-qled-mrkean-9120106661538. ERROR: 
 'NoneType' object has no attribute 'text'
2024-03-07 09:34:20,467 [INFO] Sucessfully scraped url 293: https://www.worten.pt/produtos/tv-lg-28tn515v-pz-led-28-71-cm-hd-7212934
2024-03-07 09:34:21,508 [INFO] Sucessfully scraped url 294: https://www.worten.pt/produtos/tv-lin-32lhd1510-32-led-mrkean-5905669828000
2024-03-07 09:34:23,744 [INFO] Sucessfully scraped url 295: https://www.worten.pt/produtos/tv-lg-55ur78006lk-led-55-140-cm-4k-ultra-hd-smart-tv-7744844
2024-03-07 09:34:24,841 [INFO] Sucessfully scraped url 296: https://www.worten.pt/produtos/tv-lg-oled55g26la-oled-evo-55-140-cm-4k-ultra-hd-smart-tv-7569034
2024-03-07 09:34:26,018 [INFO] Sucessfully scraped url 297: https://www.worten.pt/produtos/tv-lg-86nano756qa-nano-cell-86-premium-uhd-smart-tv-7887356
2024-03-07 09:34:28,071 [INFO] Sucessfully scraped url 298: https://www.worten.pt/produtos/tv-samsung-qe75qn900btxxc-neo-qled-75-189-cm-8k-ultra-hd-smart-tv-7552146
2024-03-07 09:34:29,372 [INFO] Sucessfully scraped url 299: https://www.worten.pt/produtos/tv-samsung-qe85qn900b-neo-qled-85-216-cm-8k-ultra-hd-smart-tv-7552125
2024-03-07 09:34:30,741 [INFO] Sucessfully scraped url 300: https://www.worten.pt/produtos/tv-philips-65oled818-oled-65-165-cm-4k-ultra-hd-smart-tv-7797622
2024-03-07 09:34:32,503 [INFO] Sucessfully scraped url 301: https://www.worten.pt/produtos/tv-samsung-qe50qn90b-neo-qled-50-127-cm-4k-ultra-hd-smart-tv-7555732
2024-03-07 09:34:33,919 [INFO] Sucessfully scraped url 302: https://www.worten.pt/produtos/tv-lg-50ur91006la-led-50-127-cm-4k-ultra-hd-smart-tv-7744855
2024-03-07 09:34:35,559 [INFO] Sucessfully scraped url 303: https://www.worten.pt/produtos/tv-dual-led-32-81-hd-mrkean-3584179061491
2024-03-07 09:34:36,908 [INFO] Sucessfully scraped url 304: https://www.worten.pt/produtos/tv-samsung-ue32t4305-led-32-81-cm-hd-smart-tv-7126779
2024-03-07 09:34:38,308 [INFO] Sucessfully scraped url 305: https://www.worten.pt/produtos/tv-samsung-the-frame-qe43ls03a-qled-43-109-cm-4k-ultra-hd-smart-tv-7387645
2024-03-07 09:34:39,868 [INFO] Sucessfully scraped url 306: https://www.worten.pt/produtos/tv-philips-65pus8558-led-65-165-cm-4k-ultra-hd-smart-tv-7797549
2024-03-07 09:34:41,271 [INFO] Sucessfully scraped url 307: https://www.worten.pt/produtos/tv-philips-65pus8007-12-led-65-165-cm-4k-ultra-hd-7646117
2024-03-07 09:34:42,881 [INFO] Sucessfully scraped url 308: https://www.worten.pt/produtos/tv-tcl-75c745-qled-4k-ultra-hd-75-189-cm-smart-tv-7766233
2024-03-07 09:34:44,202 [INFO] Sucessfully scraped url 309: https://www.worten.pt/produtos/tv-samsung-the-frame-qe43ls03bauxxc-qled-43-109-cm-4k-ultra-hd-smart-tv-7584527
2024-03-07 09:34:45,710 [INFO] Sucessfully scraped url 310: https://www.worten.pt/produtos/tv-hisense-55a6bg-led-55-140-cm-4k-ultra-hd-smart-tv-7530833
2024-03-07 09:34:46,926 [INFO] Sucessfully scraped url 311: https://www.worten.pt/produtos/tv-lg-32lm630bpla-led-32-81-cm-hd-smart-tv-6900539
2024-03-07 09:34:48,794 [INFO] Sucessfully scraped url 312: https://www.worten.pt/produtos/tv-lg-75qned966qa-qned-75-189-cm-8k-ultra-hd-smart-tv-7574817
2024-03-07 09:34:50,510 [ERROR] Failed to scrape url 313, with the link https://www.worten.pt/produtos/tv-philips-58pus8505-led-58-147-cm-4k-ultra-hd-smart-tv-7262817. ERROR: 
 'NoneType' object has no attribute 'text'
2024-03-07 09:34:52,094 [INFO] Sucessfully scraped url 314: https://www.worten.pt/produtos/tv-hisense-65u8hq-uled-65-165-cm-4k-ultra-hd-smart-tv-7622827
2024-03-07 09:34:54,248 [INFO] Sucessfully scraped url 315: https://www.worten.pt/produtos/tv-hisense-32a4bg-led-32-81-cm-hd-smart-tv-7480620
2024-03-07 09:34:55,135 [ERROR] Failed to scrape url 316, with the link https://www.worten.pt/produtos/tv-lg-28tn525s-led-28-71-cm-hd-smart-tv-7212936. ERROR: 
 'NoneType' object has no attribute 'text'
2024-03-07 09:34:56,633 [INFO] Sucessfully scraped url 317: https://www.worten.pt/produtos/tv-philips-55pus7406-led-55-140-cm-4k-ultra-hd-smart-tv-7424718
2024-03-07 09:34:58,027 [INFO] Sucessfully scraped url 318: https://www.worten.pt/produtos/tv-thomson-32ha2s13-smart-tv-32-81-cm-hd-android-mrkean-9120106661422
2024-03-07 09:34:59,622 [INFO] Sucessfully scraped url 319: https://www.worten.pt/produtos/tv-samsung-qe55q80batxxc-qled-55-140-cm-4k-ultra-hd-smart-tv-7576445
2024-03-07 09:35:01,086 [INFO] Sucessfully scraped url 320: https://www.worten.pt/produtos/tv-xiaomi-p1-led-32-81-cm-hd-smart-tv-7526779
2024-03-07 09:35:02,723 [INFO] Sucessfully scraped url 321: https://www.worten.pt/produtos/tv-lg-65nano966-nano-cell-65-165-cm-8k-ultra-hd-smart-tv-7383182
2024-03-07 09:35:04,019 [INFO] Sucessfully scraped url 322: https://www.worten.pt/produtos/tv-tcl-32dd420-led-32-81-cm-hd-mrkean-5901292511098
2024-03-07 09:35:05,521 [INFO] Sucessfully scraped url 323: https://www.worten.pt/produtos/tv-samsung-tq43ls05bguxxc-led-43-109-cm-4k-ultra-hd-smart-tv-7754981
2024-03-07 09:35:07,564 [INFO] Sucessfully scraped url 324: https://www.worten.pt/produtos/tv-samsung-qe55qn90b-neo-qled-55-140-cm-4k-ultra-hd-smart-tv-7555734
2024-03-07 09:35:08,997 [INFO] Sucessfully scraped url 325: https://www.worten.pt/produtos/tv-tcl-android-40s6200-led-40-102-cm-full-hd-smart-tv-7591697
2024-03-07 09:35:10,511 [INFO] Sucessfully scraped url 326: https://www.worten.pt/produtos/tv-lg-oled55bx6-oled-55-140-cm-4k-ultra-hd-smart-tv-7256387
2024-03-07 09:35:11,888 [INFO] Sucessfully scraped url 327: https://www.worten.pt/produtos/tv-hisense-85uxkq-mini-led-x-uled-x-85-217-cm-smart-tv-7749094
2024-03-07 09:35:14,144 [INFO] Sucessfully scraped url 328: https://www.worten.pt/produtos/tv-samsung-qe50q80batxxc-qled-50-127-cm-4k-ultra-hd-smart-tv-7576451
2024-03-07 09:35:15,415 [INFO] Sucessfully scraped url 329: https://www.worten.pt/produtos/tv-sony-kd50x72kpaep-led-50-127-cm-4k-ultra-hd-smart-tv-7607828
2024-03-07 09:35:17,769 [INFO] Sucessfully scraped url 330: https://www.worten.pt/produtos/tv-lg-50ur78006lk-led-50-127-cm-4k-ultra-hd-smart-tv-7744845
2024-03-07 09:35:19,197 [INFO] Sucessfully scraped url 331: https://www.worten.pt/produtos/tv-samsung-qe65qn90a-neo-qled-65-165-cm-4k-ultra-hd-smart-tv-7415905
2024-03-07 09:35:20,470 [INFO] Sucessfully scraped url 332: https://www.worten.pt/produtos/tv-samsung-ue85au7105-led-85-216-cm-4k-ultra-hd-smart-tv-7420227
2024-03-07 09:35:21,775 [INFO] Sucessfully scraped url 333: https://www.worten.pt/produtos/tv-lg-55un81006-led-55-140-cm-4k-ultra-hd-smart-tv-7151249
2024-03-07 09:35:24,024 [INFO] Sucessfully scraped url 334: https://www.worten.pt/produtos/tv-sony-xr65x90kaep-led-65-165-cm-4k-ultra-hd-smart-tv-7589168
2024-03-07 09:35:26,277 [INFO] Sucessfully scraped url 335: https://www.worten.pt/produtos/tv-tcl-55c635-qled-55-140-cm-4k-ultra-hd-smart-tv-7610938
2024-03-07 09:35:27,549 [INFO] Sucessfully scraped url 336: https://www.worten.pt/produtos/tv-lg-32lm637b-led-32-81-cm-hd-smart-tv-7383230
2024-03-07 09:35:28,855 [INFO] Sucessfully scraped url 337: https://www.worten.pt/produtos/tv-lg-43nano763qa-nano-cell-43-109-cm-4k-ultra-hd-smart-tv-7704310
2024-03-07 09:35:30,399 [INFO] Sucessfully scraped url 338: https://www.worten.pt/produtos/tv-philips-50pus8007-12-led-50-127-cm-4k-ultra-hd-7646113
2024-03-07 09:35:32,758 [INFO] Sucessfully scraped url 339: https://www.worten.pt/produtos/tv-hisense-50a63h-led-50-127-cm-4k-ultra-hd-smart-tv-7536525
2024-03-07 09:35:35,224 [INFO] Sucessfully scraped url 340: https://www.worten.pt/produtos/tv-lg-oled55a26la-oled-55-140-cm-4k-ultra-hd-smart-tv-7556372
2024-03-07 09:35:36,591 [INFO] Sucessfully scraped url 341: https://www.worten.pt/produtos/tv-samsung-the-frame-qe75ls03bauxxc-qled-75-189-cm-4k-ultra-hd-smart-tv-7584529
2024-03-07 09:35:38,020 [INFO] Sucessfully scraped url 342: https://www.worten.pt/produtos/tv-smart-tech-smt40n30fv1u1b1-led-40-102-cm-full-hd-smart-tv-7198292
2024-03-07 09:35:39,455 [INFO] Sucessfully scraped url 343: https://www.worten.pt/produtos/tv-tcl-32es560-led-32-81-cm-hd-6886245
2024-03-07 09:35:40,895 [INFO] Sucessfully scraped url 344: https://www.worten.pt/produtos/tv-vox-50vaq750b-qled-50-127-cm-4k-ultra-hd-smart-tv-7926361
2024-03-07 09:35:42,435 [INFO] Sucessfully scraped url 345: https://www.worten.pt/produtos/tv-lg-55nano826qb-nano-cell-55-140-cm-4k-ultra-hd-smart-tv-7574821
2024-03-07 09:35:43,951 [INFO] Sucessfully scraped url 346: https://www.worten.pt/produtos/tv-samsung-qe75qn800b-neo-qled-75-189-cm-8k-ultra-hd-smart-tv-7546207
2024-03-07 09:35:45,416 [INFO] Sucessfully scraped url 347: https://www.worten.pt/produtos/tv-lg-24tn510s-pz-led-24-61-cm-hd-smart-tv-7212931
2024-03-07 09:35:47,081 [INFO] Sucessfully scraped url 348: https://www.worten.pt/produtos/tv-lg-32lm550bplb-led-32-81-cm-hd-ready-6900540
2024-03-07 09:35:48,601 [INFO] Sucessfully scraped url 349: https://www.worten.pt/produtos/tv-lg-oled55g16la-oled-evo-55-140-cm-4k-ultra-hd-smart-tv-7383169
2024-03-07 09:35:49,988 [INFO] Sucessfully scraped url 350: https://www.worten.pt/produtos/tv-hisense-65u7hq-uled-65-165-cm-4k-ultra-hd-smart-tv-7594118
2024-03-07 09:35:51,441 [INFO] Sucessfully scraped url 351: https://www.worten.pt/produtos/tv-hisense-43a63h-led-43-109-cm-4k-ultra-hd-smart-tv-7536528
2024-03-07 09:35:52,889 [INFO] Sucessfully scraped url 352: https://www.worten.pt/produtos/tv-philips-55pus8558-led-55-140-cm-4k-ultra-hd-smart-tv-7797644
2024-03-07 09:35:54,328 [INFO] Sucessfully scraped url 353: https://www.worten.pt/produtos/tv-daewoo-50dm62ua-led-50-127-4k-ultra-hd-smart-tv-mrkean-8698902058704
2024-03-07 09:35:56,472 [INFO] Sucessfully scraped url 354: https://www.worten.pt/produtos/tv-samsung-the-frame-qe55ls03a-qled-55-140-cm-4k-ultra-hd-smart-tv-7387654
2024-03-07 09:35:57,867 [INFO] Sucessfully scraped url 355: https://www.worten.pt/produtos/tv-tcl-85c645-qled-4k-ultra-hd-85-216-cm-smart-tv-7763752
2024-03-07 09:36:00,187 [INFO] Sucessfully scraped url 356: https://www.worten.pt/produtos/tv-lg-86un85006-led-86-218-cm-4k-ultra-hd-smart-tv-7151245
2024-03-07 09:36:01,828 [INFO] Sucessfully scraped url 357: https://www.worten.pt/produtos/tv-lg-75ur91006la-led-75-189-cm-4k-ultra-hd-smart-tv-7744852
2024-03-07 09:36:03,287 [INFO] Sucessfully scraped url 358: https://www.worten.pt/produtos/tv-tcl-55c649-qled-55-140-4k-ultra-hd-smart-tv-mrkean-5901292520663
2024-03-07 09:36:04,654 [INFO] Sucessfully scraped url 359: https://www.worten.pt/produtos/tv-tcl-65c649-qled-4k-ultra-hd-65-165-cm-smart-tv-mrkean-5901292520656
2024-03-07 09:36:05,921 [INFO] Sucessfully scraped url 360: https://www.worten.pt/produtos/tv-sony-kd-43x80l-led-4k-ultra-hd-43-109-cm-smart-tv-mrkean-4548736150546
2024-03-07 09:36:08,154 [INFO] Sucessfully scraped url 361: https://www.worten.pt/produtos/tv-aiwa-55an7503uhd-led-55-140-cm-4k-ultra-hd-smart-tv-7866815
2024-03-07 09:36:09,597 [INFO] Sucessfully scraped url 362: https://www.worten.pt/produtos/tv-samsung-qe43q60bauxxc-qled-43-109-cm-4k-ultra-hd-smart-tv-7579270
2024-03-07 09:36:11,109 [INFO] Sucessfully scraped url 363: https://www.worten.pt/produtos/tv-sony-bravia-xr-77a80l-oled-77-196-cm-4k-ultra-hd-smart-tv-7753610
2024-03-07 09:36:12,455 [INFO] Sucessfully scraped url 364: https://www.worten.pt/produtos/tv-hisense-32a5700fa-led-32-81-cm-hd-smart-tv-7385069
2024-03-07 09:36:13,770 [INFO] Sucessfully scraped url 365: https://www.worten.pt/produtos/tv-led-nevir-nvr-8077-32rd2s-smarttv-android-mrkean-8427155023753
2024-03-07 09:36:15,062 [INFO] Sucessfully scraped url 366: https://www.worten.pt/produtos/tv-lg-32lm630bpla-led-32-81-cm-hd-smart-tv-mrkean-8806098382903
2024-03-07 09:36:16,525 [INFO] Sucessfully scraped url 367: https://www.worten.pt/produtos/tv-samsung-qn90c-2023-75-qled-4k-tq75qn90catxxc-mrkean-8806094908381
2024-03-07 09:36:17,923 [INFO] Sucessfully scraped url 368: https://www.worten.pt/produtos/tv-philips-55pus8007-12-led-55-140-cm-4k-ultra-hd-7646116
2024-03-07 09:36:19,476 [INFO] Sucessfully scraped url 369: https://www.worten.pt/produtos/tv-lg-24tl510v-pz-24-61-cm-hd-6930632
2024-03-07 09:36:20,848 [INFO] Sucessfully scraped url 370: https://www.worten.pt/produtos/tv-tcl-50c635-qled-50-127-cm-4k-ultra-hd-smart-tv-7610936
2024-03-07 09:36:22,361 [INFO] Sucessfully scraped url 371: https://www.worten.pt/produtos/tv-samsung-qe65qn90b-neo-qled-65-165-cm-4k-ultra-hd-smart-tv-7555733
2024-03-07 09:36:24,567 [INFO] Sucessfully scraped url 372: https://www.worten.pt/produtos/tv-lg-oled83c24la-oled-evo-83-209-cm-4k-ultra-hd-smart-tv-7574813
2024-03-07 09:36:25,988 [ERROR] Failed to scrape url 373, with the link https://www.worten.pt/produtos/tv-xiaomi-mi-p1-led-55-140-cm-4k-ultra-hd-smart-tv-7422975. ERROR: 
 'NoneType' object has no attribute 'text'
2024-03-07 09:36:27,353 [INFO] Sucessfully scraped url 374: https://www.worten.pt/produtos/tv-thomson-43qa2s13-43-109-cm-qled-mrkean-9120106661514
2024-03-07 09:36:28,687 [INFO] Sucessfully scraped url 375: https://www.worten.pt/produtos/tv-lg-oled77g26la-oled-evo-77-196-cm-4k-ultra-hd-smart-tv-7574858
2024-03-07 09:36:30,163 [INFO] Sucessfully scraped url 376: https://www.worten.pt/produtos/tv-lg-49un711-led-49-124-cm-4k-ultra-hd-smart-tv-mrkean-8806091029959
2024-03-07 09:36:31,516 [INFO] Sucessfully scraped url 377: https://www.worten.pt/produtos/tv-sony-kd50x81kaep-led-50-127-cm-4k-ultra-hd-smart-tv-7595277
2024-03-07 09:36:33,149 [INFO] Sucessfully scraped url 378: https://www.worten.pt/produtos/tv-samsung-ue55tu7025-led-55-140-cm-4k-ultra-hd-smart-tv-7377657
2024-03-07 09:36:35,461 [INFO] Sucessfully scraped url 379: https://www.worten.pt/produtos/tv-philips-32phs5525-led-32-81-cm-hd-7168114
2024-03-07 09:36:36,869 [INFO] Sucessfully scraped url 380: https://www.worten.pt/produtos/tv-tcl-75p631-4k-ultra-hd-smart-tv-mrkean-5901292518646
2024-03-07 09:36:38,536 [INFO] Sucessfully scraped url 381: https://www.worten.pt/produtos/tv-hisense-65u8qf-uled-65-165-cm-4k-ultra-hd-smart-tv-7170382
2024-03-07 09:36:40,627 [INFO] Sucessfully scraped url 382: https://www.worten.pt/produtos/tv-samsung-ue32t4302ak-led-32-81-cm-hd-smart-tv-mrkean-8806090389948
2024-03-07 09:36:41,912 [INFO] Sucessfully scraped url 383: https://www.worten.pt/produtos/tv-smart-samsung-tq75q64c-4k-ultra-hd-75-hdr-qled-mrkean-8806094916874
2024-03-07 09:36:43,374 [INFO] Sucessfully scraped url 384: https://www.worten.pt/produtos/tv-hisense-65u7qf-uled-65-165-cm-4k-ultra-hd-smart-tv-7170384
2024-03-07 09:36:44,534 [INFO] Sucessfully scraped url 385: https://www.worten.pt/produtos/tv-sony-kd65x81kaep-led-65-165-cm-4k-ultra-hd-smart-tv-7595254
2024-03-07 09:36:45,507 [ERROR] Failed to scrape url 386, with the link https://www.worten.pt/produtos/tv-lg-55uq70006lb-led-55-140-cm-4k-ultra-hd-smart-tv-7574842. ERROR: 
 'NoneType' object has no attribute 'text'
2024-03-07 09:36:46,547 [INFO] Sucessfully scraped url 387: https://www.worten.pt/produtos/tv-lg-43up75006-led-43-109-cm-4k-ultra-hd-smart-tv-7398345
2024-03-07 09:36:47,597 [INFO] Sucessfully scraped url 388: https://www.worten.pt/produtos/tv-thomson-24ha2s13c-24-60-cm-etc-mrkean-9120106661415
2024-03-07 09:36:49,671 [INFO] Sucessfully scraped url 389: https://www.worten.pt/produtos/tv-hisense-55a63h-led-55-140-cm-4k-ultra-hd-smart-tv-7536519
2024-03-07 09:36:50,791 [INFO] Sucessfully scraped url 390: https://www.worten.pt/produtos/tv-philips-50pus8507-12-led-50-127-cm-4k-ultra-hd-smart-tv-7648050
2024-03-07 09:36:51,956 [INFO] Sucessfully scraped url 391: https://www.worten.pt/produtos/tv-lg-65un7100-led-65-165-cm-4k-ultra-hd-smart-tv-7213006
2024-03-07 09:36:53,217 [INFO] Sucessfully scraped url 392: https://www.worten.pt/produtos/tv-hitachi-32he2200-led-32-81-cm-hd-smart-tv-7305251
2024-03-07 09:36:54,297 [INFO] Sucessfully scraped url 393: https://www.worten.pt/produtos/tv-samsung-qe43q60t-qled-43-109-cm-4k-ultra-hd-smart-tv-7126786
2024-03-07 09:36:55,533 [INFO] Sucessfully scraped url 394: https://www.worten.pt/produtos/tv-smart-ud-40f5210-40-full-hd-d-led-mrkean-8594213440088
2024-03-07 09:36:56,563 [INFO] Sucessfully scraped url 395: https://www.worten.pt/produtos/tv-tcl-55p631-55-4k-ultra-hd-led-wi-fi-smart-tv-mrkean-5901292518622
2024-03-07 09:36:57,780 [INFO] Sucessfully scraped url 396: https://www.worten.pt/produtos/tv-samsung-qe32ls03t-qled-32-81-cm-full-hd-smart-tv-7414116
2024-03-07 09:36:59,779 [INFO] Sucessfully scraped url 397: https://www.worten.pt/produtos/tv-samsung-qe75q80batxxc-qled-75-189-cm-4k-ultra-hd-smart-tv-7576465
2024-03-07 09:37:00,796 [INFO] Sucessfully scraped url 398: https://www.worten.pt/produtos/tv-smart-philips-43pus8518-12-43-4k-ultra-hd-led-hdr10-dolby-vision-mrkean-8718863037638
2024-03-07 09:37:02,810 [INFO] Sucessfully scraped url 399: https://www.worten.pt/produtos/tv-tcl-android-40s5200-led-40-102-cm-full-hd-smart-tv-7485597
2024-03-07 09:37:03,962 [INFO] Sucessfully scraped url 400: https://www.worten.pt/produtos/tv-lg-oled55gx6-oled-55-140-cm-4k-ultra-hd-smart-tv-7151222
2024-03-07 09:37:05,045 [INFO] Sucessfully scraped url 401: https://www.worten.pt/produtos/tv-smart-philips-50pus8518-12-50-4k-ultra-hd-led-hdr10-dolby-vision-mrkean-8718863037676
2024-03-07 09:37:06,462 [INFO] Sucessfully scraped url 402: https://www.worten.pt/produtos/tv-hisense-55u8gq-uled-55-140-cm-4k-ultra-hd-smart-tv-7415190
2024-03-07 09:37:07,654 [INFO] Sucessfully scraped url 403: https://www.worten.pt/produtos/tv-hisense-75a6g-led-75-189-cm-4k-ultra-hd-smart-tv-7415191
2024-03-07 09:37:08,728 [INFO] Sucessfully scraped url 404: https://www.worten.pt/produtos/tv-sony-kd55x85kaep-led-55-140-cm-4k-ultra-hd-android-tv-7608920
2024-03-07 09:37:09,861 [INFO] Sucessfully scraped url 405: https://www.worten.pt/produtos/tv-panasonic-tx-65lx650e-led-65-165-cm-4k-ultra-hd-smart-tv-7624402
2024-03-07 09:37:11,161 [INFO] Sucessfully scraped url 406: https://www.worten.pt/produtos/tv-lg-24tl510v-wz-led-24-61-cm-hd-6938710
2024-03-07 09:37:12,217 [INFO] Sucessfully scraped url 407: https://www.worten.pt/produtos/tv-samsung-qe65q950t-qled-65-165-cm-8k-ultra-hd-smart-tv-7126810
2024-03-07 09:37:13,393 [INFO] Sucessfully scraped url 408: https://www.worten.pt/produtos/tv-samsung-the-frame-qe55ls03t-qled-55-140-cm-4k-ultra-hd-smart-tv-7126796
2024-03-07 09:37:15,378 [INFO] Sucessfully scraped url 409: https://www.worten.pt/produtos/tv-panasonic-tx-55mx710-led-55-140-cm-4k-ultra-hd-smart-tv-mrkean-5025232948468
2024-03-07 09:37:16,610 [INFO] Sucessfully scraped url 410: https://www.worten.pt/produtos/tv-sony-xr65x95kaep-mini-led-65-165-cm-4k-ultra-hd-smart-tv-7612838
2024-03-07 09:37:18,743 [INFO] Sucessfully scraped url 411: https://www.worten.pt/produtos/tv-samsung-the-terrace-qe65lst7t-qled-65-165-cm-4k-ultra-hd-smart-tv-7387690
2024-03-07 09:37:19,926 [INFO] Sucessfully scraped url 412: https://www.worten.pt/produtos/tv-samsung-the-frame-qe50ls03t-qled-50-127-cm-4k-ultra-hd-smart-tv-7126790
2024-03-07 09:37:21,580 [INFO] Sucessfully scraped url 413: https://www.worten.pt/produtos/tv-hisense-55a9g-oled-55-140-cm-4k-ultra-hd-smart-tv-7415187
2024-03-07 09:37:22,801 [INFO] Sucessfully scraped url 414: https://www.worten.pt/produtos/tv-nevir-nvr-8072-40fhd2ssmab-led-smart-tv-mrkean-8427155023623
2024-03-07 09:37:24,225 [INFO] Sucessfully scraped url 415: https://www.worten.pt/produtos/tv-lg-28tn515v-led-28-71-cm-hd-7212935
2024-03-07 09:37:25,418 [INFO] Sucessfully scraped url 416: https://www.worten.pt/produtos/tv-samsung-ue75tu7005-led-75-189-cm-4k-ultra-hd-smart-tv-7164404
2024-03-07 09:37:26,593 [INFO] Sucessfully scraped url 417: https://www.worten.pt/produtos/tv-lg-55up78006-led-55-140-cm-4k-ultra-hd-smart-tv-7398338
2024-03-07 09:37:28,692 [INFO] Sucessfully scraped url 418: https://www.worten.pt/produtos/tv-philips-43pus7406-led-43-109-cm-4k-ultra-hd-smart-tv-7424716
2024-03-07 09:37:30,011 [INFO] Sucessfully scraped url 419: https://www.worten.pt/produtos/tv-hisense-65a7500f-led-65-165-cm-4k-ultra-hd-smart-tv-7191299
2024-03-07 09:37:31,311 [INFO] Sucessfully scraped url 420: https://www.worten.pt/produtos/tv-samsung-qe75qn90batxxc-neo-qled-75-189-cm-4k-ultra-hd-smart-tv-7579283
2024-03-07 09:37:33,225 [INFO] Sucessfully scraped url 421: https://www.worten.pt/produtos/tv-hitachi-32hae2250-led-32-81-cm-hd-smart-tv-7305249
2024-03-07 09:37:34,462 [INFO] Sucessfully scraped url 422: https://www.worten.pt/produtos/tv-sony-kd43x72kpaep-led-43-109-cm-4k-ultra-hd-smart-tv-7607826
2024-03-07 09:37:35,733 [INFO] Sucessfully scraped url 423: https://www.worten.pt/produtos/tv-sony-kd-85x85j-led-85-216-cm-4k-ultra-hd-smart-tv-7390603
2024-03-07 09:37:36,941 [INFO] Sucessfully scraped url 424: https://www.worten.pt/produtos/tv-td-systems-k24dlc16h-led-24-60-cm-hd-ready-mrkean-8435255802307
2024-03-07 09:37:38,474 [INFO] Sucessfully scraped url 425: https://www.worten.pt/produtos/tv-thomson-24ha2s13cw-smart-tv-24-60-cm-hd-android-mrkean-9120106661644
2024-03-07 09:37:40,174 [INFO] Sucessfully scraped url 426: https://www.worten.pt/produtos/tv-philips-5500-series-24phs5507-12-tv-24-61-cm-hd-mrkean-8718863033791
2024-03-07 09:37:42,829 [INFO] Sucessfully scraped url 427: https://www.worten.pt/produtos/tv-tcl-50c725-qled-50-127-cm-4k-ultra-hd-smart-tv-7410072
2024-03-07 09:37:44,590 [INFO] Sucessfully scraped url 428: https://www.worten.pt/produtos/tv-sony-kd43x80kpaep-led-43-109-cm-4k-ultra-hd-smart-tv-7609566
2024-03-07 09:37:46,052 [INFO] Sucessfully scraped url 429: https://www.worten.pt/produtos/tv-hisense-75u9gq-uled-75-189-cm-4k-ultra-hd-smart-tv-7414542
2024-03-07 09:37:47,375 [INFO] Sucessfully scraped url 430: https://www.worten.pt/produtos/tv-panasonic-tx-32ls490e-led-32-81-cm-full-hd-smart-tv-7624427
2024-03-07 09:37:48,606 [INFO] Sucessfully scraped url 431: https://www.worten.pt/produtos/tv-samsung-ue55au7105uxxc-led-55-140-cm-4k-ultra-hd-smart-tv-7497737
2024-03-07 09:37:50,015 [INFO] Sucessfully scraped url 432: https://www.worten.pt/produtos/tv-smart-tech-le-65v3-qled-65-165-cm-4k-ultra-hd-smart-tv-7864975
2024-03-07 09:37:52,283 [INFO] Sucessfully scraped url 433: https://www.worten.pt/produtos/tv-polaroid-led-32-81-hd-smart-tv-mrkean-3584179044432
2024-03-07 09:37:54,570 [INFO] Sucessfully scraped url 434: https://www.worten.pt/produtos/tv-lg-43uq80006lb-led-43-109-cm-4k-ultra-hd-smart-tv-7574839
2024-03-07 09:37:55,657 [INFO] Sucessfully scraped url 435: https://www.worten.pt/produtos/tv-smart-lg-65ur781c-65-4k-ultra-hd-led-d-led-hdr10-mrkean-8806084414328
2024-03-07 09:37:56,880 [INFO] Sucessfully scraped url 436: https://www.worten.pt/produtos/tv-samsung-qe75q950t-qled-75-189-cm-8k-ultra-hd-smart-tv-7126819
2024-03-07 09:37:58,057 [INFO] Sucessfully scraped url 437: https://www.worten.pt/produtos/tv-sony-kd43x73kpaep-led-43-109-cm-4k-ultra-hd-smart-tv-7607818
2024-03-07 09:37:59,996 [INFO] Sucessfully scraped url 438: https://www.worten.pt/produtos/tv-tcl-43c649-qled-4k-ultra-hd-43-109-cm-smart-tv-mrkean-5901292520687
2024-03-07 09:38:01,529 [INFO] Sucessfully scraped url 439: https://www.worten.pt/produtos/tv-lg-75nano796-nano-cell-75-189-cm-4k-ultra-hd-smart-tv-7256407
2024-03-07 09:38:02,742 [INFO] Sucessfully scraped url 440: https://www.worten.pt/produtos/tv-nevir-nvr-8072-39hd2s-sman-led-smart-tv-mrkean-8427155023517
2024-03-07 09:38:04,879 [INFO] Sucessfully scraped url 441: https://www.worten.pt/produtos/tv-samsung-the-terrace-tq65lst7tguxxc-led-65-165-cm-4k-ultra-hd-smart-tv-7815050
2024-03-07 09:38:05,959 [INFO] Sucessfully scraped url 442: https://www.worten.pt/produtos/tv-sony-xr65x95j-led-65-165-cm-4k-ultra-hd-smart-tv-7390629
2024-03-07 09:38:08,275 [INFO] Sucessfully scraped url 443: https://www.worten.pt/produtos/tv-nevir-nvr-8070-24rd2s-smab-led-smart-tv-mrkean-8427155023593
2024-03-07 09:38:09,506 [INFO] Sucessfully scraped url 444: https://www.worten.pt/produtos/tv-sony-kd50x85kaep-led-50-127-cm-4k-ultra-hd-smart-tv-7595270
2024-03-07 09:38:10,582 [INFO] Sucessfully scraped url 445: https://www.worten.pt/produtos/tv-sharp-32biea-led-32-81-cm-hd-ready-smart-tv-7250680
2024-03-07 09:38:12,508 [INFO] Sucessfully scraped url 446: https://www.worten.pt/produtos/tv-smart-tech-smt32n30hv1u1b1-led-32-81-cm-hd-smart-tv-7198291
2024-03-07 09:38:13,741 [INFO] Sucessfully scraped url 447: https://www.worten.pt/produtos/tv-samsung-the-terrace-qe55lst7t-qled-55-140-cm-4k-ultra-hd-smart-tv-7387689
2024-03-07 09:38:14,879 [INFO] Sucessfully scraped url 448: https://www.worten.pt/produtos/tv-philips-65oled907-oled-65-165-cm-4k-ultra-hd-smart-tv-7678452
2024-03-07 09:38:16,169 [INFO] Sucessfully scraped url 449: https://www.worten.pt/produtos/tv-smart-tech-le-55f3-led-55-140-cm-4k-ultra-hd-smart-tv-7162549
2024-03-07 09:38:17,106 [INFO] Sucessfully scraped url 450: https://www.worten.pt/produtos/tv-cecotec-vqu10050-50-127-cm-4k-ultra-hd-mrkean-8435484025652
2024-03-07 09:38:18,238 [INFO] Sucessfully scraped url 451: https://www.worten.pt/produtos/tv-samsung-qe75qn800a-neo-qled-75-189-cm-8k-ultra-hd-smart-tv-7387676
2024-03-07 09:38:19,321 [INFO] Sucessfully scraped url 452: https://www.worten.pt/produtos/tv-sony-kd55x80kaep-led-55-140-cm-4k-ultra-hd-smart-tv-7609573
2024-03-07 09:38:20,536 [INFO] Sucessfully scraped url 453: https://www.worten.pt/produtos/tv-lg-43ur762h-led-43-109-cm-4k-ultra-hd-smart-tv-7736516
2024-03-07 09:38:21,585 [INFO] Sucessfully scraped url 454: https://www.worten.pt/produtos/tv-sony-xr65a75kpaep-oled-65-165-cm-4k-ultra-hd-smart-tv-7648269
2024-03-07 09:38:22,973 [INFO] Sucessfully scraped url 455: https://www.worten.pt/produtos/tv-thomson-75ua5s13-75-190-cm-uhd-mrkean-9120106661507
2024-03-07 09:38:24,106 [INFO] Sucessfully scraped url 456: https://www.worten.pt/produtos/tv-philips-43pus8507-12-led-43-109-cm-4k-ultra-hd-smart-tv-7648049
2024-03-07 09:38:25,170 [INFO] Sucessfully scraped url 457: https://www.worten.pt/produtos/tv-samsung-the-frame-qe32ls03t-qled-32-81-cm-full-hd-smart-tv-7126781
2024-03-07 09:38:26,272 [INFO] Sucessfully scraped url 458: https://www.worten.pt/produtos/tv-cecotec-vqu10065-65-165-cm-4k-ultra-hd-mrkean-8435484025676
2024-03-07 09:38:28,170 [INFO] Sucessfully scraped url 459: https://www.worten.pt/produtos/tv-tcl-85c649-4k-ultra-hd-85-216-cm-smart-tv-mrkean-5901292520632
2024-03-07 09:38:29,235 [INFO] Sucessfully scraped url 460: https://www.worten.pt/produtos/tv-samsung-qe55q60t-qled-55-140-cm-4k-ultra-hd-smart-tv-7126797
2024-03-07 09:38:31,166 [INFO] Sucessfully scraped url 461: https://www.worten.pt/produtos/tv-infiniton-intv-43at3100-led-43-109-4k-ultra-hd-smart-tv-mrkean-8445639002827
2024-03-07 09:38:32,383 [INFO] Sucessfully scraped url 462: https://www.worten.pt/produtos/tv-samsung-qe82q800t-qled-82-208-cm-8k-ultra-hd-smart-tv-7126824
2024-03-07 09:38:33,783 [INFO] Sucessfully scraped url 463: https://www.worten.pt/produtos/tv-sony-xr77a80kaep-oled-77-196-cm-4k-ultra-hd-smart-tv-7610914
2024-03-07 09:38:34,899 [INFO] Sucessfully scraped url 464: https://www.worten.pt/produtos/tv-oled-panasonic-tx-55mz1500-4k-master-hdr-mrkean-5025232949427
2024-03-07 09:38:36,069 [INFO] Sucessfully scraped url 465: https://www.worten.pt/produtos/tv-thomson-32ha2s13w-32-81-cm-mrkean-9120106661651
2024-03-07 09:38:37,398 [INFO] Sucessfully scraped url 466: https://www.worten.pt/produtos/tv-philips-43pus8505-led-43-109-cm-4k-ultra-hd-smart-tv-7262816
2024-03-07 09:38:38,882 [INFO] Sucessfully scraped url 467: https://www.worten.pt/produtos/tv-loewe-i-48-dr-oled-48-122-cm-4k-ultra-hd-smart-tv-7460531
2024-03-07 09:38:40,171 [INFO] Sucessfully scraped url 468: https://www.worten.pt/produtos/tv-samsung-the-terrace-tq55lst7tguxxc-7815049
2024-03-07 09:38:41,458 [INFO] Sucessfully scraped url 469: https://www.worten.pt/produtos/tv-oled-panasonic-tx-65mz1500-4k-master-hdr-mrkean-5025232949410
2024-03-07 09:38:42,507 [INFO] Sucessfully scraped url 470: https://www.worten.pt/produtos/tv-samsung-ue55bu8500-led-4k-ultra-hd-smart-tv-mrkean-8806094108231
2024-03-07 09:38:43,484 [INFO] Sucessfully scraped url 471: https://www.worten.pt/produtos/tv-tcl-50c649-qled-4k-ultra-hd-50-127-cm-smart-tv-mrkean-5901292520670
2024-03-07 09:38:45,464 [INFO] Sucessfully scraped url 472: https://www.worten.pt/produtos/tv-loewe-v-65-dr-oled-65-165-cm-4k-ultra-hd-smart-tv-7460527
2024-03-07 09:38:46,567 [INFO] Sucessfully scraped url 473: https://www.worten.pt/produtos/tv-lg-75nano866-nano-cell-75-189-cm-4k-ultra-hd-smart-tv-7383196
2024-03-07 09:38:47,817 [INFO] Sucessfully scraped url 474: https://www.worten.pt/produtos/tv-panasonic-tx-55hx900e-led-55-140-cm-4k-ultra-hd-smart-tv-7265116
2024-03-07 09:38:49,880 [INFO] Sucessfully scraped url 475: https://www.worten.pt/produtos/tv-hisense-65a6g-led-65-165-cm-4k-ultra-hd-smart-tv-7415193
2024-03-07 09:38:51,013 [INFO] Sucessfully scraped url 476: https://www.worten.pt/produtos/tv-smart-philips-77oled818-4k-ultra-hd-77-oled-amd-freesync-mrkean-8718863038451
2024-03-07 09:38:52,182 [INFO] Sucessfully scraped url 477: https://www.worten.pt/produtos/tv-hitachi-50hk5600-led-50-127-cm-4k-ultra-hd-smart-tv-7131816
2024-03-07 09:38:53,280 [INFO] Sucessfully scraped url 478: https://www.worten.pt/produtos/tv-samsung-ue50bu8500-led-4k-ultra-hd-smart-tv-mrkean-8806094108286
2024-03-07 09:38:54,338 [INFO] Sucessfully scraped url 479: https://www.worten.pt/produtos/tv-schneider-sc410k-led-32-81-cm-hd-mrkean-5943808000399
2024-03-07 09:38:55,515 [INFO] Sucessfully scraped url 480: https://www.worten.pt/produtos/tv-philips-65pml9506-led-65-165-cm-4k-ultra-hd-smart-tv-7426228
2024-03-07 09:38:56,624 [INFO] Sucessfully scraped url 481: https://www.worten.pt/produtos/tv-chiq-u50h7a-led-50-4k-ultra-hd-smart-tv-mrkean-8592344203534
2024-03-07 09:38:58,548 [INFO] Sucessfully scraped url 482: https://www.worten.pt/produtos/tv-philips-43hfl3014-12-led-43-109-cm-full-hd-mrkean-8718863021927
2024-03-07 09:38:59,532 [INFO] Sucessfully scraped url 483: https://www.worten.pt/produtos/tv-bsl-bsl-32t2-32-81-cm-mrkean-8436542333252
2024-03-07 09:39:00,578 [INFO] Sucessfully scraped url 484: https://www.worten.pt/produtos/tv-dual-led-32-81-hd-smart-tv-mrkean-3584179061538
2024-03-07 09:39:01,239 [ERROR] Failed to scrape url 485, with the link https://www.worten.pt/produtos/tv-philips-32pfs6906-led-32-81-cm-full-hd-smart-tv-7445541. ERROR: 
 'NoneType' object has no attribute 'text'
2024-03-07 09:39:02,828 [INFO] Sucessfully scraped url 486: https://www.worten.pt/produtos/tv-hitachi-43hae4251-led-43-109-cm-hd-smart-tv-mrkean-5014024008688
2024-03-07 09:39:04,023 [INFO] Sucessfully scraped url 487: https://www.worten.pt/produtos/tv-dual-led-32-80-cm-hd-smart-tv-mrkean-3584179061507
2024-03-07 09:39:05,368 [INFO] Sucessfully scraped url 488: https://www.worten.pt/produtos/tv-philips-55oled806-oled-55-140-cm-4k-ultra-hd-smart-tv-7426273
2024-03-07 09:39:06,396 [INFO] Sucessfully scraped url 489: https://www.worten.pt/produtos/tv-bolva-bl-3266-led-mrkean-6971529343357
2024-03-07 09:39:07,427 [INFO] Sucessfully scraped url 490: https://www.worten.pt/produtos/tv-samsung-qe75q70-qled-75-189-cm-4k-ultra-hd-smart-tv-7409478
2024-03-07 09:39:09,324 [INFO] Sucessfully scraped url 491: https://www.worten.pt/produtos/tv-thomson-55qa2s13-55-139-cm-qled-mrkean-9120106661552
2024-03-07 09:39:10,444 [INFO] Sucessfully scraped url 492: https://www.worten.pt/produtos/tv-samsung-the-terrace-qe75lst7t-qled-75-189-cm-4k-ultra-hd-smart-tv-7445648
2024-03-07 09:39:11,444 [INFO] Sucessfully scraped url 493: https://www.worten.pt/produtos/tv-chiq-u43h7a-led-43-4k-ultra-hd-smart-tv-mrkean-8592344203527
2024-03-07 09:39:13,443 [INFO] Sucessfully scraped url 494: https://www.worten.pt/produtos/tv-loewe-v-55-dr-oled-55-140-cm-4k-ultra-hd-smart-tv-7460528
2024-03-07 09:39:14,645 [INFO] Sucessfully scraped url 495: https://www.worten.pt/produtos/tv-smart-tech-le-43v3-led-43-109-cm-4k-ultra-hd-smart-tv-7864972
2024-03-07 09:39:16,235 [INFO] Sucessfully scraped url 496: https://www.worten.pt/produtos/tv-nokia-un43av310-4k-ultra-hd-43-109-cm-smart-tv-mrkean-9120106660951
2024-03-07 09:39:18,279 [INFO] Sucessfully scraped url 497: https://www.worten.pt/produtos/tv-lg-50ur762h-led-50-127-cm-4k-ultra-hd-smart-tv-7736515
2024-03-07 09:39:19,376 [INFO] Sucessfully scraped url 498: https://www.worten.pt/produtos/tv-thomson-32hd2s13w-32-81-cm-mrkean-9120106661798
2024-03-07 09:39:20,876 [INFO] Sucessfully scraped url 499: https://www.worten.pt/produtos/tv-blaupunkt-bs43u3012oeb-led-43-109-cm-4k-ultra-hd-smart-tv-7287597
2024-03-07 09:39:21,628 [ERROR] Failed to scrape url 500, with the link https://www.worten.pt/produtos/tv-samsung-qe55q70-qled-55-140-cm-4k-ultra-hd-smart-tv-7409476. ERROR: 
 'NoneType' object has no attribute 'text'
2024-03-07 09:39:22,692 [INFO] Sucessfully scraped url 501: https://www.worten.pt/produtos/tv-loewe-i-55-dr-oled-55-140-cm-4k-ultra-hd-smart-tv-7460530
2024-03-07 09:39:23,742 [INFO] Sucessfully scraped url 502: https://www.worten.pt/produtos/tv-samsung-the-terrace-tq75lst7tguxxc-led-75-189-cm-4k-ultra-hd-smart-tv-7815057
2024-03-07 09:39:24,761 [ERROR] Failed to scrape url 503, with the link https://www.worten.pt/produtos/tv-lg-75up77109lc-led-4k-ultra-hd-smart-tv-mrkean-8806091869975. ERROR: 
 'NoneType' object has no attribute 'text'
2024-03-07 09:39:25,841 [INFO] Sucessfully scraped url 504: https://www.worten.pt/produtos/tv-lg-86uq80006lb-led-4k-ultra-hd-smart-tv-mrkean-8806091219411
2024-03-07 09:39:26,968 [INFO] Sucessfully scraped url 505: https://www.worten.pt/produtos/tv-aiwa-led326hd-led-32-81-cm-hd-smart-tv-7445643
2024-03-07 09:39:28,944 [INFO] Sucessfully scraped url 506: https://www.worten.pt/produtos/tv-panasonic-tx-50jx800e-led-50-127-cm-4k-ultra-hd-smart-tv-7418273
2024-03-07 09:39:30,967 [INFO] Sucessfully scraped url 507: https://www.worten.pt/produtos/tv-loewe-i-65-dr-oled-65-165-cm-4k-ultra-hd-smart-tv-7460529
2024-03-07 09:39:32,035 [INFO] Sucessfully scraped url 508: https://www.worten.pt/produtos/tv-tcl-75c649-qled-75-189-4k-ultra-hd-smart-tv-mrkean-5901292520649
2024-03-07 09:39:33,290 [INFO] Sucessfully scraped url 509: https://www.worten.pt/produtos/tv-hitachi-50hak5751-led-50-127-cm-4k-ultra-hd-smart-tv-7305252
2024-03-07 09:39:34,391 [INFO] Sucessfully scraped url 510: https://www.worten.pt/produtos/tv-mini-led-panasonic-tx-65mx950-65-pulgadas-uhd-4k-googletv-mrkean-5025232949564
2024-03-07 09:39:36,271 [INFO] Sucessfully scraped url 511: https://www.worten.pt/produtos/tv-polaroid-led-32-81-hd-smart-tv-mrkean-3584174456933
2024-03-07 09:39:38,140 [INFO] Sucessfully scraped url 512: https://www.worten.pt/produtos/tv-led-panasonic-tx-65jx940-4k-hdr-dolby-atmos-mrkean-5025232917501
2024-03-07 09:39:39,273 [INFO] Sucessfully scraped url 513: https://www.worten.pt/produtos/tv-schneider-sc-led32sc150p-led-32-81-cm-hd-mrkean-3527570079818
2024-03-07 09:39:41,015 [INFO] Sucessfully scraped url 514: https://www.worten.pt/produtos/tv-grunkel-led-5521goo-55-140-cm-4k-ultra-hd-smart-tv-mrkean-8426156016955
2024-03-07 09:39:41,710 [ERROR] Failed to scrape url 515, with the link https://www.worten.pt/produtos/tv-lg-65nano826qb-nano-cell-65-165-cm-4k-ultra-hd-smart-tv-7574820. ERROR: 
 'NoneType' object has no attribute 'text'
2024-03-07 09:39:42,823 [INFO] Sucessfully scraped url 516: https://www.worten.pt/produtos/tv-polaroid-led-42-107-full-hd-mrkean-3584179075467
2024-03-07 09:39:43,460 [ERROR] Failed to scrape url 517, with the link https://www.worten.pt/produtos/tv-tcl-65p637-led-65-165-4k-ultra-hd-smart-tv-mrkean-3666749159408. ERROR: 
 'NoneType' object has no attribute 'text'
2024-03-07 09:39:44,465 [INFO] Sucessfully scraped url 518: https://www.worten.pt/produtos/tv-panasonic-tx-65jx800e-led-65-165-cm-4k-ultra-hd-smart-tv-7418271
2024-03-07 09:39:45,666 [INFO] Sucessfully scraped url 519: https://www.worten.pt/produtos/tv-kunft-k7612x32h-led-32-81-cm-hd-7607809
2024-03-07 09:39:46,958 [INFO] Sucessfully scraped url 520: https://www.worten.pt/produtos/tv-kunft-k7613x40h-full-hd-40-102-cm-7542844
2024-03-07 09:39:48,088 [INFO] Sucessfully scraped url 521: https://www.worten.pt/produtos/tv-kunft-k8332x24h-led-24-61-cm-hd-7607808
2024-03-07 09:39:49,258 [INFO] Sucessfully scraped url 522: https://www.worten.pt/produtos/tv-kunft-k8413h32h-led-32-81-cm-hd-android-tv-7696387
2024-03-07 09:39:50,340 [INFO] Sucessfully scraped url 523: https://www.worten.pt/produtos/tv-kunft-k8414h24h-led-24-61-cm-hd-android-tv-7696382
2024-03-07 09:39:51,707 [INFO] Sucessfully scraped url 524: https://www.worten.pt/produtos/tv-kunft-k8447h43u-led-43-109-cm-4k-ultra-hd-android-tv-7696430
